[ 2019-05-06T09:29:06+08:00 ] 127.0.0.1 /Home/Type/typegoods.html?id=14
ERR: 1146:Table 'tpshop.tp_goodsinfo' doesn't exist
 [ SQL语句 ] : SHOW COLUMNS FROM `tp_goodsinfo`

[ 2019-05-06T09:30:26+08:00 ] 127.0.0.1 /Home/Type/typegoods.html?id=14
ERR: 1146:Table 'tpshop.tp_goodsinfo' doesn't exist
 [ SQL语句 ] : SHOW COLUMNS FROM `tp_goodsinfo`

[ 2019-05-06T09:30:27+08:00 ] 127.0.0.1 /Home/Type/typegoods.html?id=14
ERR: 1146:Table 'tpshop.tp_goodsinfo' doesn't exist
 [ SQL语句 ] : SHOW COLUMNS FROM `tp_goodsinfo`

[ 2019-05-06T09:30:47+08:00 ] 127.0.0.1 /Home/Type/typegoods.html?id=14
ERR: 1146:Table 'shop.tp_goodsinfo' doesn't exist
 [ SQL语句 ] : SHOW COLUMNS FROM `tp_goodsinfo`

[ 2019-05-06T09:30:48+08:00 ] 127.0.0.1 /Home/Type/typegoods.html?id=14
ERR: 1146:Table 'shop.tp_goodsinfo' doesn't exist
 [ SQL语句 ] : SHOW COLUMNS FROM `tp_goodsinfo`

[ 2019-05-06T09:30:49+08:00 ] 127.0.0.1 /Home/Type/typegoods.html?id=14
ERR: 1146:Table 'shop.tp_goodsinfo' doesn't exist
 [ SQL语句 ] : SHOW COLUMNS FROM `tp_goodsinfo`

[ 2019-05-06T09:32:31+08:00 ] 127.0.0.1 /Home/Type/typegoods.html?id=14
ERR: 1146:Table 'shop.tp_goodsinfo' doesn't exist
 [ SQL语句 ] : SHOW COLUMNS FROM `tp_goodsinfo`

[ 2019-05-06T09:32:32+08:00 ] 127.0.0.1 /Home/Type/typegoods.html?id=14
ERR: 1146:Table 'shop.tp_goodsinfo' doesn't exist
 [ SQL语句 ] : SHOW COLUMNS FROM `tp_goodsinfo`

[ 2019-05-06T09:32:32+08:00 ] 127.0.0.1 /Home/Type/typegoods.html?id=14
ERR: 1146:Table 'shop.tp_goodsinfo' doesn't exist
 [ SQL语句 ] : SHOW COLUMNS FROM `tp_goodsinfo`

[ 2019-05-06T09:32:33+08:00 ] 127.0.0.1 /Home/Type/typegoods.html?id=14
ERR: 1146:Table 'shop.tp_goodsinfo' doesn't exist
 [ SQL语句 ] : SHOW COLUMNS FROM `tp_goodsinfo`

[ 2019-05-06T09:32:48+08:00 ] 127.0.0.1 /Home/Type/typegoods.html?id=14
ERR: 1146:Table 'shop.tp_goodsinfo' doesn't exist
 [ SQL语句 ] : SHOW COLUMNS FROM `tp_goodsinfo`

[ 2019-05-06T09:32:49+08:00 ] 127.0.0.1 /Home/Type/typegoods.html?id=14
ERR: 1146:Table 'shop.tp_goodsinfo' doesn't exist
 [ SQL语句 ] : SHOW COLUMNS FROM `tp_goodsinfo`

[ 2019-05-06T09:32:49+08:00 ] 127.0.0.1 /Home/Type/typegoods.html?id=14
ERR: 1146:Table 'shop.tp_goodsinfo' doesn't exist
 [ SQL语句 ] : SHOW COLUMNS FROM `tp_goodsinfo`

[ 2019-05-06T09:32:49+08:00 ] 127.0.0.1 /Home/Type/typegoods.html?id=14
ERR: 1146:Table 'shop.tp_goodsinfo' doesn't exist
 [ SQL语句 ] : SHOW COLUMNS FROM `tp_goodsinfo`

[ 2019-05-06T09:32:50+08:00 ] 127.0.0.1 /Home/Type/typegoods.html?id=14
ERR: 1146:Table 'shop.tp_goodsinfo' doesn't exist
 [ SQL语句 ] : SHOW COLUMNS FROM `tp_goodsinfo`

[ 2019-05-06T09:33:06+08:00 ] 127.0.0.1 /Home/Type/typegoods.html
ERR: 1146:Table 'shop.tp_goodsinfo' doesn't exist
 [ SQL语句 ] : SHOW COLUMNS FROM `tp_goodsinfo`

[ 2019-05-06T09:33:28+08:00 ] 127.0.0.1 /Home/Type/typegoods.html
ERR: 1146:Table 'shop.tp_goodsinfo' doesn't exist
 [ SQL语句 ] : SHOW COLUMNS FROM `tp_goodsinfo`

[ 2019-05-06T09:33:29+08:00 ] 127.0.0.1 /Home/Type/typegoods.html
ERR: 1146:Table 'shop.tp_goodsinfo' doesn't exist
 [ SQL语句 ] : SHOW COLUMNS FROM `tp_goodsinfo`

[ 2019-05-06T09:33:31+08:00 ] 127.0.0.1 /Home/Type/typegoods.html
ERR: 1146:Table 'shop.tp_goodsinfo' doesn't exist
 [ SQL语句 ] : SHOW COLUMNS FROM `tp_goodsinfo`

[ 2019-05-06T09:33:32+08:00 ] 127.0.0.1 /Home/Type/typegoods.html
ERR: 1146:Table 'shop.tp_goodsinfo' doesn't exist
 [ SQL语句 ] : SHOW COLUMNS FROM `tp_goodsinfo`

[ 2019-05-06T09:33:33+08:00 ] 127.0.0.1 /Home/Type/typegoods.html
ERR: 1146:Table 'shop.tp_goodsinfo' doesn't exist
 [ SQL语句 ] : SHOW COLUMNS FROM `tp_goodsinfo`

[ 2019-05-06T09:33:36+08:00 ] 127.0.0.1 /Home/Type/typegoods.html
ERR: 1146:Table 'shop.tp_goodsinfo' doesn't exist
 [ SQL语句 ] : SHOW COLUMNS FROM `tp_goodsinfo`

[ 2019-05-06T12:06:28+08:00 ] 127.0.0.1 /Home/Type/typeinfo.html?id=11
INFO: [ app_begin ] --START--
INFO: Run Behavior\ReadHtmlCacheBehavior [ RunTime:0.000000s ]
INFO: [ app_begin ] --END-- [ RunTime:0.001000s ]
SQL: SHOW COLUMNS FROM `tp_goodsinfo` [ RunTime:0.0170s ]
SQL: SELECT `id`,`goodsname`,`goodsinfo`,`price`,`soldnum`,`sale`,`pic` FROM `tp_goodsinfo` WHERE ( tid=11 )  [ RunTime:0.0160s ]
INFO: [ app_end ] --START--
INFO: Run Behavior\ShowPageTraceBehavior [ RunTime:0.000000s ]
INFO: [ app_end ] --END-- [ RunTime:0.000000s ]

[ 2019-05-06T12:06:31+08:00 ] 127.0.0.1 /Home/Type/typeinfo.html?id=12
INFO: [ app_begin ] --START--
INFO: Run Behavior\ReadHtmlCacheBehavior [ RunTime:0.000000s ]
INFO: [ app_begin ] --END-- [ RunTime:0.000000s ]
SQL: SHOW COLUMNS FROM `tp_goodsinfo` [ RunTime:0.0130s ]
SQL: SELECT `id`,`goodsname`,`goodsinfo`,`price`,`soldnum`,`sale`,`pic` FROM `tp_goodsinfo` WHERE ( tid=12 )  [ RunTime:0.0130s ]
INFO: [ app_end ] --START--
INFO: Run Behavior\ShowPageTraceBehavior [ RunTime:0.001000s ]
INFO: [ app_end ] --END-- [ RunTime:0.001000s ]

[ 2019-05-06T12:06:33+08:00 ] 127.0.0.1 /Home/Type/typeinfo.html?id=11
INFO: [ app_begin ] --START--
INFO: Run Behavior\ReadHtmlCacheBehavior [ RunTime:0.000000s ]
INFO: [ app_begin ] --END-- [ RunTime:0.001000s ]
SQL: SHOW COLUMNS FROM `tp_goodsinfo` [ RunTime:0.0130s ]
SQL: SELECT `id`,`goodsname`,`goodsinfo`,`price`,`soldnum`,`sale`,`pic` FROM `tp_goodsinfo` WHERE ( tid=11 )  [ RunTime:0.0130s ]
INFO: [ app_end ] --START--
INFO: Run Behavior\ShowPageTraceBehavior [ RunTime:0.000000s ]
INFO: [ app_end ] --END-- [ RunTime:0.000000s ]

[ 2019-05-06T12:06:58+08:00 ] 127.0.0.1 /Home/Type/typeinfo.html?id=11
INFO: [ app_begin ] --START--
INFO: Run Behavior\ReadHtmlCacheBehavior [ RunTime:0.000000s ]
INFO: [ app_begin ] --END-- [ RunTime:0.001000s ]
SQL: SHOW COLUMNS FROM `tp_goodsinfo` [ RunTime:0.0170s ]
SQL: SELECT `id`,`goodsname`,`goodsinfo`,`price`,`soldnum`,`sale`,`pic` FROM `tp_goodsinfo` WHERE ( tid=11 )  [ RunTime:0.0160s ]
INFO: [ app_end ] --START--
INFO: Run Behavior\ShowPageTraceBehavior [ RunTime:0.000000s ]
INFO: [ app_end ] --END-- [ RunTime:0.001000s ]

[ 2019-05-06T12:07:00+08:00 ] 127.0.0.1 /Home/Type/typeinfo.html?id=12
INFO: [ app_begin ] --START--
INFO: Run Behavior\ReadHtmlCacheBehavior [ RunTime:0.000000s ]
INFO: [ app_begin ] --END-- [ RunTime:0.000000s ]
SQL: SHOW COLUMNS FROM `tp_goodsinfo` [ RunTime:0.0170s ]
SQL: SELECT `id`,`goodsname`,`goodsinfo`,`price`,`soldnum`,`sale`,`pic` FROM `tp_goodsinfo` WHERE ( tid=12 )  [ RunTime:0.0160s ]
INFO: [ app_end ] --START--
INFO: Run Behavior\ShowPageTraceBehavior [ RunTime:0.001000s ]
INFO: [ app_end ] --END-- [ RunTime:0.001000s ]

[ 2019-05-06T12:07:01+08:00 ] 127.0.0.1 /Home/Type/typeinfo.html?id=13
INFO: [ app_begin ] --START--
INFO: Run Behavior\ReadHtmlCacheBehavior [ RunTime:0.000000s ]
INFO: [ app_begin ] --END-- [ RunTime:0.000000s ]
SQL: SHOW COLUMNS FROM `tp_goodsinfo` [ RunTime:0.0150s ]
SQL: SELECT `id`,`goodsname`,`goodsinfo`,`price`,`soldnum`,`sale`,`pic` FROM `tp_goodsinfo` WHERE ( tid=13 )  [ RunTime:0.0130s ]
INFO: [ app_end ] --START--
INFO: Run Behavior\ShowPageTraceBehavior [ RunTime:0.000000s ]
INFO: [ app_end ] --END-- [ RunTime:0.000000s ]

[ 2019-05-06T12:07:02+08:00 ] 127.0.0.1 /Home/Type/typeinfo.html?id=14
INFO: [ app_begin ] --START--
INFO: Run Behavior\ReadHtmlCacheBehavior [ RunTime:0.001000s ]
INFO: [ app_begin ] --END-- [ RunTime:0.001000s ]
SQL: SHOW COLUMNS FROM `tp_goodsinfo` [ RunTime:0.0140s ]
SQL: SELECT `id`,`goodsname`,`goodsinfo`,`price`,`soldnum`,`sale`,`pic` FROM `tp_goodsinfo` WHERE ( tid=14 )  [ RunTime:0.0130s ]
INFO: [ app_end ] --START--
INFO: Run Behavior\ShowPageTraceBehavior [ RunTime:0.000000s ]
INFO: [ app_end ] --END-- [ RunTime:0.000000s ]

[ 2019-05-06T12:07:02+08:00 ] 127.0.0.1 /Home/Type/typeinfo.html?id=15
INFO: [ app_begin ] --START--
INFO: Run Behavior\ReadHtmlCacheBehavior [ RunTime:0.000000s ]
INFO: [ app_begin ] --END-- [ RunTime:0.000000s ]
SQL: SHOW COLUMNS FROM `tp_goodsinfo` [ RunTime:0.0140s ]
SQL: SELECT `id`,`goodsname`,`goodsinfo`,`price`,`soldnum`,`sale`,`pic` FROM `tp_goodsinfo` WHERE ( tid=15 )  [ RunTime:0.0130s ]
INFO: [ app_end ] --START--
INFO: Run Behavior\ShowPageTraceBehavior [ RunTime:0.001000s ]
INFO: [ app_end ] --END-- [ RunTime:0.001000s ]

[ 2019-05-06T12:07:03+08:00 ] 127.0.0.1 /Home/Type/typeinfo.html?id=17
INFO: [ app_begin ] --START--
INFO: Run Behavior\ReadHtmlCacheBehavior [ RunTime:0.000000s ]
INFO: [ app_begin ] --END-- [ RunTime:0.000000s ]
SQL: SHOW COLUMNS FROM `tp_goodsinfo` [ RunTime:0.0130s ]
SQL: SELECT `id`,`goodsname`,`goodsinfo`,`price`,`soldnum`,`sale`,`pic` FROM `tp_goodsinfo` WHERE ( tid=17 )  [ RunTime:0.0140s ]
INFO: [ app_end ] --START--
INFO: Run Behavior\ShowPageTraceBehavior [ RunTime:0.000000s ]
INFO: [ app_end ] --END-- [ RunTime:0.000000s ]

[ 2019-05-06T12:07:03+08:00 ] 127.0.0.1 /Home/Type/typeinfo.html?id=15
INFO: [ app_begin ] --START--
INFO: Run Behavior\ReadHtmlCacheBehavior [ RunTime:0.000000s ]
INFO: [ app_begin ] --END-- [ RunTime:0.000000s ]
SQL: SHOW COLUMNS FROM `tp_goodsinfo` [ RunTime:0.0130s ]
SQL: SELECT `id`,`goodsname`,`goodsinfo`,`price`,`soldnum`,`sale`,`pic` FROM `tp_goodsinfo` WHERE ( tid=15 )  [ RunTime:0.0130s ]
INFO: [ app_end ] --START--
INFO: Run Behavior\ShowPageTraceBehavior [ RunTime:0.000000s ]
INFO: [ app_end ] --END-- [ RunTime:0.000000s ]

[ 2019-05-06T12:07:04+08:00 ] 127.0.0.1 /Home/Type/typeinfo.html?id=14
INFO: [ app_begin ] --START--
INFO: Run Behavior\ReadHtmlCacheBehavior [ RunTime:0.000000s ]
INFO: [ app_begin ] --END-- [ RunTime:0.000000s ]
SQL: SHOW COLUMNS FROM `tp_goodsinfo` [ RunTime:0.0140s ]
SQL: SELECT `id`,`goodsname`,`goodsinfo`,`price`,`soldnum`,`sale`,`pic` FROM `tp_goodsinfo` WHERE ( tid=14 )  [ RunTime:0.0130s ]
INFO: [ app_end ] --START--
INFO: Run Behavior\ShowPageTraceBehavior [ RunTime:0.001000s ]
INFO: [ app_end ] --END-- [ RunTime:0.001000s ]

[ 2019-05-06T12:07:04+08:00 ] 127.0.0.1 /Home/Type/typeinfo.html?id=13
INFO: [ app_begin ] --START--
INFO: Run Behavior\ReadHtmlCacheBehavior [ RunTime:0.000000s ]
INFO: [ app_begin ] --END-- [ RunTime:0.001000s ]
SQL: SHOW COLUMNS FROM `tp_goodsinfo` [ RunTime:0.0140s ]
SQL: SELECT `id`,`goodsname`,`goodsinfo`,`price`,`soldnum`,`sale`,`pic` FROM `tp_goodsinfo` WHERE ( tid=13 )  [ RunTime:0.0130s ]
INFO: [ app_end ] --START--
INFO: Run Behavior\ShowPageTraceBehavior [ RunTime:0.001000s ]
INFO: [ app_end ] --END-- [ RunTime:0.001000s ]

[ 2019-05-06T12:07:05+08:00 ] 127.0.0.1 /Home/Type/typeinfo.html?id=12
INFO: [ app_begin ] --START--
INFO: Run Behavior\ReadHtmlCacheBehavior [ RunTime:0.000000s ]
INFO: [ app_begin ] --END-- [ RunTime:0.001000s ]
SQL: SHOW COLUMNS FROM `tp_goodsinfo` [ RunTime:0.0140s ]
SQL: SELECT `id`,`goodsname`,`goodsinfo`,`price`,`soldnum`,`sale`,`pic` FROM `tp_goodsinfo` WHERE ( tid=12 )  [ RunTime:0.0140s ]
INFO: [ app_end ] --START--
INFO: Run Behavior\ShowPageTraceBehavior [ RunTime:0.000000s ]
INFO: [ app_end ] --END-- [ RunTime:0.000000s ]

[ 2019-05-06T12:07:05+08:00 ] 127.0.0.1 /Home/Type/typeinfo.html?id=11
INFO: [ app_begin ] --START--
INFO: Run Behavior\ReadHtmlCacheBehavior [ RunTime:0.000000s ]
INFO: [ app_begin ] --END-- [ RunTime:0.001000s ]
SQL: SHOW COLUMNS FROM `tp_goodsinfo` [ RunTime:0.0130s ]
SQL: SELECT `id`,`goodsname`,`goodsinfo`,`price`,`soldnum`,`sale`,`pic` FROM `tp_goodsinfo` WHERE ( tid=11 )  [ RunTime:0.0130s ]
INFO: [ app_end ] --START--
INFO: Run Behavior\ShowPageTraceBehavior [ RunTime:0.000000s ]
INFO: [ app_end ] --END-- [ RunTime:0.000000s ]

[ 2019-05-06T12:07:58+08:00 ] 127.0.0.1 /Home/Type/typeinfo.html?id=11
INFO: [ app_begin ] --START--
INFO: Run Behavior\ReadHtmlCacheBehavior [ RunTime:0.000000s ]
INFO: [ app_begin ] --END-- [ RunTime:0.000000s ]
SQL: SHOW COLUMNS FROM `tp_goodsinfo` [ RunTime:0.0140s ]
SQL: SELECT `id`,`goodsname`,`goodsinfo`,`price`,`soldnum`,`sale`,`pic` FROM `tp_goodsinfo` WHERE ( tid=11 )  [ RunTime:0.0130s ]

[ 2019-05-06T12:10:44+08:00 ] 127.0.0.1 /Home/Type/typeinfo.html?id=11
INFO: [ app_begin ] --START--
INFO: Run Behavior\ReadHtmlCacheBehavior [ RunTime:0.001000s ]
INFO: [ app_begin ] --END-- [ RunTime:0.001000s ]
SQL: SHOW COLUMNS FROM `tp_goodsinfo` [ RunTime:0.0140s ]
SQL: SELECT `id`,`goodsname`,`goodsinfo`,`price`,`soldnum`,`sale`,`pic` FROM `tp_goodsinfo` WHERE ( tid=11 )  [ RunTime:0.0140s ]
INFO: [ app_end ] --START--
INFO: Run Behavior\ShowPageTraceBehavior [ RunTime:0.000000s ]
INFO: [ app_end ] --END-- [ RunTime:0.000000s ]

[ 2019-05-06T12:10:46+08:00 ] 127.0.0.1 /Home/Type/typeinfo.html?id=12
INFO: [ app_begin ] --START--
INFO: Run Behavior\ReadHtmlCacheBehavior [ RunTime:0.000000s ]
INFO: [ app_begin ] --END-- [ RunTime:0.000000s ]
SQL: SHOW COLUMNS FROM `tp_goodsinfo` [ RunTime:0.0130s ]
SQL: SELECT `id`,`goodsname`,`goodsinfo`,`price`,`soldnum`,`sale`,`pic` FROM `tp_goodsinfo` WHERE ( tid=12 )  [ RunTime:0.0130s ]
INFO: [ app_end ] --START--
INFO: Run Behavior\ShowPageTraceBehavior [ RunTime:0.000000s ]
INFO: [ app_end ] --END-- [ RunTime:0.000000s ]

[ 2019-05-06T12:10:47+08:00 ] 127.0.0.1 /Home/Type/typeinfo.html?id=13
INFO: [ app_begin ] --START--
INFO: Run Behavior\ReadHtmlCacheBehavior [ RunTime:0.000000s ]
INFO: [ app_begin ] --END-- [ RunTime:0.000000s ]
SQL: SHOW COLUMNS FROM `tp_goodsinfo` [ RunTime:0.0140s ]
SQL: SELECT `id`,`goodsname`,`goodsinfo`,`price`,`soldnum`,`sale`,`pic` FROM `tp_goodsinfo` WHERE ( tid=13 )  [ RunTime:0.0140s ]
INFO: [ app_end ] --START--
INFO: Run Behavior\ShowPageTraceBehavior [ RunTime:0.000000s ]
INFO: [ app_end ] --END-- [ RunTime:0.000000s ]

[ 2019-05-06T12:10:48+08:00 ] 127.0.0.1 /Home/Type/typeinfo.html?id=14
INFO: [ app_begin ] --START--
INFO: Run Behavior\ReadHtmlCacheBehavior [ RunTime:0.001000s ]
INFO: [ app_begin ] --END-- [ RunTime:0.001000s ]
SQL: SHOW COLUMNS FROM `tp_goodsinfo` [ RunTime:0.0130s ]
SQL: SELECT `id`,`goodsname`,`goodsinfo`,`price`,`soldnum`,`sale`,`pic` FROM `tp_goodsinfo` WHERE ( tid=14 )  [ RunTime:0.0130s ]
INFO: [ app_end ] --START--
INFO: Run Behavior\ShowPageTraceBehavior [ RunTime:0.001000s ]
INFO: [ app_end ] --END-- [ RunTime:0.001000s ]

[ 2019-05-06T12:12:51+08:00 ] 127.0.0.1 /Home/Type/typeinfo.html?id=11
INFO: [ app_begin ] --START--
INFO: Run Behavior\ReadHtmlCacheBehavior [ RunTime:0.000000s ]
INFO: [ app_begin ] --END-- [ RunTime:0.001000s ]
SQL: SHOW COLUMNS FROM `tp_goodsinfo` [ RunTime:0.0140s ]
SQL: SELECT `id`,`goodsname`,`goodsinfo`,`price`,`soldnum`,`sale`,`pic` FROM `tp_goodsinfo` WHERE ( tid=11 )  [ RunTime:0.0130s ]

[ 2019-05-06T12:12:53+08:00 ] 127.0.0.1 /Home/Type/typeinfo.html?id=13
INFO: [ app_begin ] --START--
INFO: Run Behavior\ReadHtmlCacheBehavior [ RunTime:0.000000s ]
INFO: [ app_begin ] --END-- [ RunTime:0.001000s ]
SQL: SHOW COLUMNS FROM `tp_goodsinfo` [ RunTime:0.0130s ]
SQL: SELECT `id`,`goodsname`,`goodsinfo`,`price`,`soldnum`,`sale`,`pic` FROM `tp_goodsinfo` WHERE ( tid=13 )  [ RunTime:0.0130s ]

[ 2019-05-06T12:12:54+08:00 ] 127.0.0.1 /Home/Type/typeinfo.html?id=12
INFO: [ app_begin ] --START--
INFO: Run Behavior\ReadHtmlCacheBehavior [ RunTime:0.000000s ]
INFO: [ app_begin ] --END-- [ RunTime:0.000000s ]
SQL: SHOW COLUMNS FROM `tp_goodsinfo` [ RunTime:0.0130s ]
SQL: SELECT `id`,`goodsname`,`goodsinfo`,`price`,`soldnum`,`sale`,`pic` FROM `tp_goodsinfo` WHERE ( tid=12 )  [ RunTime:0.0130s ]

[ 2019-05-06T12:12:54+08:00 ] 127.0.0.1 /Home/Type/typeinfo.html?id=13
INFO: [ app_begin ] --START--
INFO: Run Behavior\ReadHtmlCacheBehavior [ RunTime:0.000000s ]
INFO: [ app_begin ] --END-- [ RunTime:0.000000s ]
SQL: SHOW COLUMNS FROM `tp_goodsinfo` [ RunTime:0.0140s ]
SQL: SELECT `id`,`goodsname`,`goodsinfo`,`price`,`soldnum`,`sale`,`pic` FROM `tp_goodsinfo` WHERE ( tid=13 )  [ RunTime:0.0130s ]

[ 2019-05-06T12:12:55+08:00 ] 127.0.0.1 /Home/Type/typeinfo.html?id=14
INFO: [ app_begin ] --START--
INFO: Run Behavior\ReadHtmlCacheBehavior [ RunTime:0.001000s ]
INFO: [ app_begin ] --END-- [ RunTime:0.001000s ]
SQL: SHOW COLUMNS FROM `tp_goodsinfo` [ RunTime:0.0130s ]
SQL: SELECT `id`,`goodsname`,`goodsinfo`,`price`,`soldnum`,`sale`,`pic` FROM `tp_goodsinfo` WHERE ( tid=14 )  [ RunTime:0.0130s ]

[ 2019-05-06T12:12:55+08:00 ] 127.0.0.1 /Home/Type/typeinfo.html?id=15
INFO: [ app_begin ] --START--
INFO: Run Behavior\ReadHtmlCacheBehavior [ RunTime:0.000000s ]
INFO: [ app_begin ] --END-- [ RunTime:0.001000s ]
SQL: SHOW COLUMNS FROM `tp_goodsinfo` [ RunTime:0.0140s ]
SQL: SELECT `id`,`goodsname`,`goodsinfo`,`price`,`soldnum`,`sale`,`pic` FROM `tp_goodsinfo` WHERE ( tid=15 )  [ RunTime:0.0130s ]

[ 2019-05-06T12:12:56+08:00 ] 127.0.0.1 /Home/Type/typeinfo.html?id=17
INFO: [ app_begin ] --START--
INFO: Run Behavior\ReadHtmlCacheBehavior [ RunTime:0.000000s ]
INFO: [ app_begin ] --END-- [ RunTime:0.000000s ]
SQL: SHOW COLUMNS FROM `tp_goodsinfo` [ RunTime:0.0140s ]
SQL: SELECT `id`,`goodsname`,`goodsinfo`,`price`,`soldnum`,`sale`,`pic` FROM `tp_goodsinfo` WHERE ( tid=17 )  [ RunTime:0.0130s ]

[ 2019-05-06T12:13:20+08:00 ] 127.0.0.1 /Home/Type/typeinfo.html?id=11
INFO: [ app_begin ] --START--
INFO: Run Behavior\ReadHtmlCacheBehavior [ RunTime:0.001000s ]
INFO: [ app_begin ] --END-- [ RunTime:0.001000s ]
SQL: SHOW COLUMNS FROM `tp_goodsinfo` [ RunTime:0.0130s ]
SQL: SELECT `id`,`goodsname`,`goodsinfo`,`price`,`soldnum`,`sale`,`pic` FROM `tp_goodsinfo` WHERE ( tid=11 )  [ RunTime:0.0130s ]

[ 2019-05-06T12:13:23+08:00 ] 127.0.0.1 /Home/Type/typeinfo.html?id=12
INFO: [ app_begin ] --START--
INFO: Run Behavior\ReadHtmlCacheBehavior [ RunTime:0.000000s ]
INFO: [ app_begin ] --END-- [ RunTime:0.001000s ]
SQL: SHOW COLUMNS FROM `tp_goodsinfo` [ RunTime:0.0140s ]
SQL: SELECT `id`,`goodsname`,`goodsinfo`,`price`,`soldnum`,`sale`,`pic` FROM `tp_goodsinfo` WHERE ( tid=12 )  [ RunTime:0.0130s ]

[ 2019-05-06T12:13:23+08:00 ] 127.0.0.1 /Home/Type/typeinfo.html?id=13
INFO: [ app_begin ] --START--
INFO: Run Behavior\ReadHtmlCacheBehavior [ RunTime:0.000000s ]
INFO: [ app_begin ] --END-- [ RunTime:0.000000s ]
SQL: SHOW COLUMNS FROM `tp_goodsinfo` [ RunTime:0.0180s ]
SQL: SELECT `id`,`goodsname`,`goodsinfo`,`price`,`soldnum`,`sale`,`pic` FROM `tp_goodsinfo` WHERE ( tid=13 )  [ RunTime:0.0160s ]

[ 2019-05-06T12:13:24+08:00 ] 127.0.0.1 /Home/Type/typeinfo.html?id=14
INFO: [ app_begin ] --START--
INFO: Run Behavior\ReadHtmlCacheBehavior [ RunTime:0.001000s ]
INFO: [ app_begin ] --END-- [ RunTime:0.001000s ]
SQL: SHOW COLUMNS FROM `tp_goodsinfo` [ RunTime:0.0140s ]
SQL: SELECT `id`,`goodsname`,`goodsinfo`,`price`,`soldnum`,`sale`,`pic` FROM `tp_goodsinfo` WHERE ( tid=14 )  [ RunTime:0.0130s ]

[ 2019-05-06T12:13:28+08:00 ] 127.0.0.1 /Home/Type/typeinfo.html?id=15
INFO: [ app_begin ] --START--
INFO: Run Behavior\ReadHtmlCacheBehavior [ RunTime:0.001000s ]
INFO: [ app_begin ] --END-- [ RunTime:0.001000s ]
SQL: SHOW COLUMNS FROM `tp_goodsinfo` [ RunTime:0.0130s ]
SQL: SELECT `id`,`goodsname`,`goodsinfo`,`price`,`soldnum`,`sale`,`pic` FROM `tp_goodsinfo` WHERE ( tid=15 )  [ RunTime:0.0130s ]

[ 2019-05-06T12:13:29+08:00 ] 127.0.0.1 /Home/Type/typeinfo.html?id=17
INFO: [ app_begin ] --START--
INFO: Run Behavior\ReadHtmlCacheBehavior [ RunTime:0.000000s ]
INFO: [ app_begin ] --END-- [ RunTime:0.000000s ]
SQL: SHOW COLUMNS FROM `tp_goodsinfo` [ RunTime:0.0140s ]
SQL: SELECT `id`,`goodsname`,`goodsinfo`,`price`,`soldnum`,`sale`,`pic` FROM `tp_goodsinfo` WHERE ( tid=17 )  [ RunTime:0.0130s ]

[ 2019-05-06T12:13:52+08:00 ] 127.0.0.1 /Home/Type/typeinfo.html?id=11
INFO: [ app_begin ] --START--
INFO: Run Behavior\ReadHtmlCacheBehavior [ RunTime:0.000000s ]
INFO: [ app_begin ] --END-- [ RunTime:0.001000s ]
SQL: SHOW COLUMNS FROM `tp_goodsinfo` [ RunTime:0.0140s ]
SQL: SELECT `id`,`goodsname`,`goodsinfo`,`price`,`soldnum`,`sale`,`pic` FROM `tp_goodsinfo` WHERE ( tid=11 )  [ RunTime:0.0130s ]

[ 2019-05-06T12:14:03+08:00 ] 127.0.0.1 /Home/Type/typeinfo.html?id=12
INFO: [ app_begin ] --START--
INFO: Run Behavior\ReadHtmlCacheBehavior [ RunTime:0.001000s ]
INFO: [ app_begin ] --END-- [ RunTime:0.001000s ]
SQL: SHOW COLUMNS FROM `tp_goodsinfo` [ RunTime:0.0140s ]
SQL: SELECT `id`,`goodsname`,`goodsinfo`,`price`,`soldnum`,`sale`,`pic` FROM `tp_goodsinfo` WHERE ( tid=12 )  [ RunTime:0.0130s ]

[ 2019-05-06T12:14:04+08:00 ] 127.0.0.1 /Home/Type/typeinfo.html?id=13
INFO: [ app_begin ] --START--
INFO: Run Behavior\ReadHtmlCacheBehavior [ RunTime:0.001000s ]
INFO: [ app_begin ] --END-- [ RunTime:0.001000s ]
SQL: SHOW COLUMNS FROM `tp_goodsinfo` [ RunTime:0.0140s ]
SQL: SELECT `id`,`goodsname`,`goodsinfo`,`price`,`soldnum`,`sale`,`pic` FROM `tp_goodsinfo` WHERE ( tid=13 )  [ RunTime:0.0140s ]

[ 2019-05-06T12:14:05+08:00 ] 127.0.0.1 /Home/Type/typeinfo.html?id=14
INFO: [ app_begin ] --START--
INFO: Run Behavior\ReadHtmlCacheBehavior [ RunTime:0.001000s ]
INFO: [ app_begin ] --END-- [ RunTime:0.001000s ]
SQL: SHOW COLUMNS FROM `tp_goodsinfo` [ RunTime:0.0140s ]
SQL: SELECT `id`,`goodsname`,`goodsinfo`,`price`,`soldnum`,`sale`,`pic` FROM `tp_goodsinfo` WHERE ( tid=14 )  [ RunTime:0.0130s ]

[ 2019-05-06T12:14:06+08:00 ] 127.0.0.1 /Home/Type/typeinfo.html?id=15
INFO: [ app_begin ] --START--
INFO: Run Behavior\ReadHtmlCacheBehavior [ RunTime:0.000000s ]
INFO: [ app_begin ] --END-- [ RunTime:0.001000s ]
SQL: SHOW COLUMNS FROM `tp_goodsinfo` [ RunTime:0.0140s ]
SQL: SELECT `id`,`goodsname`,`goodsinfo`,`price`,`soldnum`,`sale`,`pic` FROM `tp_goodsinfo` WHERE ( tid=15 )  [ RunTime:0.0130s ]

[ 2019-05-06T12:14:06+08:00 ] 127.0.0.1 /Home/Type/typeinfo.html?id=17
INFO: [ app_begin ] --START--
INFO: Run Behavior\ReadHtmlCacheBehavior [ RunTime:0.000000s ]
INFO: [ app_begin ] --END-- [ RunTime:0.001000s ]
SQL: SHOW COLUMNS FROM `tp_goodsinfo` [ RunTime:0.0130s ]
SQL: SELECT `id`,`goodsname`,`goodsinfo`,`price`,`soldnum`,`sale`,`pic` FROM `tp_goodsinfo` WHERE ( tid=17 )  [ RunTime:0.0140s ]

[ 2019-05-06T12:14:07+08:00 ] 127.0.0.1 /Home/Type/typeinfo.html?id=15
INFO: [ app_begin ] --START--
INFO: Run Behavior\ReadHtmlCacheBehavior [ RunTime:0.001000s ]
INFO: [ app_begin ] --END-- [ RunTime:0.001000s ]
SQL: SHOW COLUMNS FROM `tp_goodsinfo` [ RunTime:0.0140s ]
SQL: SELECT `id`,`goodsname`,`goodsinfo`,`price`,`soldnum`,`sale`,`pic` FROM `tp_goodsinfo` WHERE ( tid=15 )  [ RunTime:0.0140s ]

[ 2019-05-06T12:14:08+08:00 ] 127.0.0.1 /Home/Type/typeinfo.html?id=14
INFO: [ app_begin ] --START--
INFO: Run Behavior\ReadHtmlCacheBehavior [ RunTime:0.001000s ]
INFO: [ app_begin ] --END-- [ RunTime:0.001000s ]
SQL: SHOW COLUMNS FROM `tp_goodsinfo` [ RunTime:0.0140s ]
SQL: SELECT `id`,`goodsname`,`goodsinfo`,`price`,`soldnum`,`sale`,`pic` FROM `tp_goodsinfo` WHERE ( tid=14 )  [ RunTime:0.0130s ]

[ 2019-05-06T12:14:08+08:00 ] 127.0.0.1 /Home/Type/typeinfo.html?id=13
INFO: [ app_begin ] --START--
INFO: Run Behavior\ReadHtmlCacheBehavior [ RunTime:0.001000s ]
INFO: [ app_begin ] --END-- [ RunTime:0.001000s ]
SQL: SHOW COLUMNS FROM `tp_goodsinfo` [ RunTime:0.0130s ]
SQL: SELECT `id`,`goodsname`,`goodsinfo`,`price`,`soldnum`,`sale`,`pic` FROM `tp_goodsinfo` WHERE ( tid=13 )  [ RunTime:0.0130s ]

[ 2019-05-06T12:14:09+08:00 ] 127.0.0.1 /Home/Type/typeinfo.html?id=12
INFO: [ app_begin ] --START--
INFO: Run Behavior\ReadHtmlCacheBehavior [ RunTime:0.000000s ]
INFO: [ app_begin ] --END-- [ RunTime:0.000000s ]
SQL: SHOW COLUMNS FROM `tp_goodsinfo` [ RunTime:0.0140s ]
SQL: SELECT `id`,`goodsname`,`goodsinfo`,`price`,`soldnum`,`sale`,`pic` FROM `tp_goodsinfo` WHERE ( tid=12 )  [ RunTime:0.0130s ]

[ 2019-05-06T12:14:09+08:00 ] 127.0.0.1 /Home/Type/typeinfo.html?id=11
INFO: [ app_begin ] --START--
INFO: Run Behavior\ReadHtmlCacheBehavior [ RunTime:0.000000s ]
INFO: [ app_begin ] --END-- [ RunTime:0.000000s ]
SQL: SHOW COLUMNS FROM `tp_goodsinfo` [ RunTime:0.0140s ]
SQL: SELECT `id`,`goodsname`,`goodsinfo`,`price`,`soldnum`,`sale`,`pic` FROM `tp_goodsinfo` WHERE ( tid=11 )  [ RunTime:0.0130s ]

[ 2019-05-06T12:14:33+08:00 ] 127.0.0.1 /Home/Type/typeinfo.html?id=11
INFO: [ app_begin ] --START--
INFO: Run Behavior\ReadHtmlCacheBehavior [ RunTime:0.000000s ]
INFO: [ app_begin ] --END-- [ RunTime:0.001000s ]
SQL: SHOW COLUMNS FROM `tp_goodsinfo` [ RunTime:0.0130s ]
SQL: SELECT `id`,`goodsname`,`goodsinfo`,`price`,`soldnum`,`sale`,`pic` FROM `tp_goodsinfo` WHERE ( tid=11 )  [ RunTime:0.0130s ]

[ 2019-05-06T12:16:57+08:00 ] 127.0.0.1 /Home/Type/typeinfo.html?id=11
INFO: [ app_begin ] --START--
INFO: Run Behavior\ReadHtmlCacheBehavior [ RunTime:0.000000s ]
INFO: [ app_begin ] --END-- [ RunTime:0.000000s ]
SQL: SHOW COLUMNS FROM `tp_goodsinfo` [ RunTime:0.0130s ]
SQL: SELECT `id`,`goodsname`,`goodsinfo`,`price`,`soldnum`,`sale`,`pic` FROM `tp_goodsinfo` WHERE ( tid=11 )  [ RunTime:0.0130s ]

[ 2019-05-06T12:17:16+08:00 ] 127.0.0.1 /Home/Type/typeinfo.html?id=11
INFO: [ app_begin ] --START--
INFO: Run Behavior\ReadHtmlCacheBehavior [ RunTime:0.000000s ]
INFO: [ app_begin ] --END-- [ RunTime:0.000000s ]
SQL: SHOW COLUMNS FROM `tp_goodsinfo` [ RunTime:0.0130s ]
SQL: SELECT `id`,`goodsname`,`goodsinfo`,`price`,`soldnum`,`sale`,`pic` FROM `tp_goodsinfo` WHERE ( tid=11 )  [ RunTime:0.0140s ]

[ 2019-05-06T12:20:33+08:00 ] 127.0.0.1 /Home/Type/typeinfo.html?id=11
INFO: [ app_begin ] --START--
INFO: Run Behavior\ReadHtmlCacheBehavior [ RunTime:0.000000s ]
INFO: [ app_begin ] --END-- [ RunTime:0.001000s ]
SQL: SHOW COLUMNS FROM `tp_goodsinfo` [ RunTime:0.0130s ]
SQL: SELECT `id`,`goodsname`,`goodsinfo`,`price`,`soldnum`,`sale`,`pic` FROM `tp_goodsinfo` WHERE ( tid=11 )  [ RunTime:0.0140s ]

[ 2019-05-06T12:20:34+08:00 ] 127.0.0.1 /Home/Type/typeinfo.html?id=12
INFO: [ app_begin ] --START--
INFO: Run Behavior\ReadHtmlCacheBehavior [ RunTime:0.000000s ]
INFO: [ app_begin ] --END-- [ RunTime:0.001000s ]
SQL: SHOW COLUMNS FROM `tp_goodsinfo` [ RunTime:0.0130s ]
SQL: SELECT `id`,`goodsname`,`goodsinfo`,`price`,`soldnum`,`sale`,`pic` FROM `tp_goodsinfo` WHERE ( tid=12 )  [ RunTime:0.0140s ]

[ 2019-05-06T12:20:34+08:00 ] 127.0.0.1 /Home/Type/typeinfo.html?id=13
INFO: [ app_begin ] --START--
INFO: Run Behavior\ReadHtmlCacheBehavior [ RunTime:0.000000s ]
INFO: [ app_begin ] --END-- [ RunTime:0.000000s ]
SQL: SHOW COLUMNS FROM `tp_goodsinfo` [ RunTime:0.0140s ]
SQL: SELECT `id`,`goodsname`,`goodsinfo`,`price`,`soldnum`,`sale`,`pic` FROM `tp_goodsinfo` WHERE ( tid=13 )  [ RunTime:0.0130s ]

[ 2019-05-06T12:20:35+08:00 ] 127.0.0.1 /Home/Type/typeinfo.html?id=14
INFO: [ app_begin ] --START--
INFO: Run Behavior\ReadHtmlCacheBehavior [ RunTime:0.000000s ]
INFO: [ app_begin ] --END-- [ RunTime:0.001000s ]
SQL: SHOW COLUMNS FROM `tp_goodsinfo` [ RunTime:0.0130s ]
SQL: SELECT `id`,`goodsname`,`goodsinfo`,`price`,`soldnum`,`sale`,`pic` FROM `tp_goodsinfo` WHERE ( tid=14 )  [ RunTime:0.0130s ]

[ 2019-05-06T12:20:36+08:00 ] 127.0.0.1 /Home/Type/typeinfo.html?id=15
INFO: [ app_begin ] --START--
INFO: Run Behavior\ReadHtmlCacheBehavior [ RunTime:0.000000s ]
INFO: [ app_begin ] --END-- [ RunTime:0.000000s ]
SQL: SHOW COLUMNS FROM `tp_goodsinfo` [ RunTime:0.0130s ]
SQL: SELECT `id`,`goodsname`,`goodsinfo`,`price`,`soldnum`,`sale`,`pic` FROM `tp_goodsinfo` WHERE ( tid=15 )  [ RunTime:0.0130s ]

[ 2019-05-06T12:20:37+08:00 ] 127.0.0.1 /Home/Type/typeinfo.html?id=17
INFO: [ app_begin ] --START--
INFO: Run Behavior\ReadHtmlCacheBehavior [ RunTime:0.000000s ]
INFO: [ app_begin ] --END-- [ RunTime:0.000000s ]
SQL: SHOW COLUMNS FROM `tp_goodsinfo` [ RunTime:0.0140s ]
SQL: SELECT `id`,`goodsname`,`goodsinfo`,`price`,`soldnum`,`sale`,`pic` FROM `tp_goodsinfo` WHERE ( tid=17 )  [ RunTime:0.0130s ]

[ 2019-05-06T12:20:46+08:00 ] 127.0.0.1 /Home/Type/typeinfo.html?id=11
INFO: [ app_begin ] --START--
INFO: Run Behavior\ReadHtmlCacheBehavior [ RunTime:0.000000s ]
INFO: [ app_begin ] --END-- [ RunTime:0.000000s ]
SQL: SHOW COLUMNS FROM `tp_goodsinfo` [ RunTime:0.0130s ]
SQL: SELECT `id`,`goodsname`,`goodsinfo`,`price`,`soldnum`,`sale`,`pic` FROM `tp_goodsinfo` WHERE ( tid=11 )  [ RunTime:0.0130s ]

[ 2019-05-06T12:20:47+08:00 ] 127.0.0.1 /Home/Type/typeinfo.html?id=12
INFO: [ app_begin ] --START--
INFO: Run Behavior\ReadHtmlCacheBehavior [ RunTime:0.000000s ]
INFO: [ app_begin ] --END-- [ RunTime:0.001000s ]
SQL: SHOW COLUMNS FROM `tp_goodsinfo` [ RunTime:0.0140s ]
SQL: SELECT `id`,`goodsname`,`goodsinfo`,`price`,`soldnum`,`sale`,`pic` FROM `tp_goodsinfo` WHERE ( tid=12 )  [ RunTime:0.0140s ]

[ 2019-05-06T12:20:48+08:00 ] 127.0.0.1 /Home/Type/typeinfo.html?id=13
INFO: [ app_begin ] --START--
INFO: Run Behavior\ReadHtmlCacheBehavior [ RunTime:0.000000s ]
INFO: [ app_begin ] --END-- [ RunTime:0.000000s ]
SQL: SHOW COLUMNS FROM `tp_goodsinfo` [ RunTime:0.0130s ]
SQL: SELECT `id`,`goodsname`,`goodsinfo`,`price`,`soldnum`,`sale`,`pic` FROM `tp_goodsinfo` WHERE ( tid=13 )  [ RunTime:0.0130s ]

[ 2019-05-06T12:20:48+08:00 ] 127.0.0.1 /Home/Type/typeinfo.html?id=14
INFO: [ app_begin ] --START--
INFO: Run Behavior\ReadHtmlCacheBehavior [ RunTime:0.000000s ]
INFO: [ app_begin ] --END-- [ RunTime:0.000000s ]
SQL: SHOW COLUMNS FROM `tp_goodsinfo` [ RunTime:0.0130s ]
SQL: SELECT `id`,`goodsname`,`goodsinfo`,`price`,`soldnum`,`sale`,`pic` FROM `tp_goodsinfo` WHERE ( tid=14 )  [ RunTime:0.0130s ]

[ 2019-05-06T12:20:48+08:00 ] 127.0.0.1 /Home/Type/typeinfo.html?id=15
INFO: [ app_begin ] --START--
INFO: Run Behavior\ReadHtmlCacheBehavior [ RunTime:0.000000s ]
INFO: [ app_begin ] --END-- [ RunTime:0.000000s ]
SQL: SHOW COLUMNS FROM `tp_goodsinfo` [ RunTime:0.0140s ]
SQL: SELECT `id`,`goodsname`,`goodsinfo`,`price`,`soldnum`,`sale`,`pic` FROM `tp_goodsinfo` WHERE ( tid=15 )  [ RunTime:0.0130s ]

[ 2019-05-06T12:20:49+08:00 ] 127.0.0.1 /Home/Type/typeinfo.html?id=17
INFO: [ app_begin ] --START--
INFO: Run Behavior\ReadHtmlCacheBehavior [ RunTime:0.001000s ]
INFO: [ app_begin ] --END-- [ RunTime:0.001000s ]
SQL: SHOW COLUMNS FROM `tp_goodsinfo` [ RunTime:0.0140s ]
SQL: SELECT `id`,`goodsname`,`goodsinfo`,`price`,`soldnum`,`sale`,`pic` FROM `tp_goodsinfo` WHERE ( tid=17 )  [ RunTime:0.0130s ]

[ 2019-05-06T12:22:02+08:00 ] 127.0.0.1 /Home/Type/typeinfo.html?id=11
INFO: [ app_begin ] --START--
INFO: Run Behavior\ReadHtmlCacheBehavior [ RunTime:0.001000s ]
INFO: [ app_begin ] --END-- [ RunTime:0.001000s ]
SQL: SHOW COLUMNS FROM `tp_goodsinfo` [ RunTime:0.0140s ]
SQL: SELECT `id`,`goodsname`,`goodsinfo`,`price`,`soldnum`,`sale`,`pic` FROM `tp_goodsinfo` WHERE ( tid=11 )  [ RunTime:0.0130s ]

[ 2019-05-06T12:22:03+08:00 ] 127.0.0.1 /Home/Type/typeinfo.html?id=11
INFO: [ app_begin ] --START--
INFO: Run Behavior\ReadHtmlCacheBehavior [ RunTime:0.000000s ]
INFO: [ app_begin ] --END-- [ RunTime:0.000000s ]
SQL: SHOW COLUMNS FROM `tp_goodsinfo` [ RunTime:0.0140s ]
SQL: SELECT `id`,`goodsname`,`goodsinfo`,`price`,`soldnum`,`sale`,`pic` FROM `tp_goodsinfo` WHERE ( tid=11 )  [ RunTime:0.0140s ]

[ 2019-05-06T12:22:04+08:00 ] 127.0.0.1 /Home/Type/typeinfo.html?id=12
INFO: [ app_begin ] --START--
INFO: Run Behavior\ReadHtmlCacheBehavior [ RunTime:0.000000s ]
INFO: [ app_begin ] --END-- [ RunTime:0.000000s ]
SQL: SHOW COLUMNS FROM `tp_goodsinfo` [ RunTime:0.0130s ]
SQL: SELECT `id`,`goodsname`,`goodsinfo`,`price`,`soldnum`,`sale`,`pic` FROM `tp_goodsinfo` WHERE ( tid=12 )  [ RunTime:0.0140s ]

[ 2019-05-06T12:22:05+08:00 ] 127.0.0.1 /Home/Type/typeinfo.html?id=13
INFO: [ app_begin ] --START--
INFO: Run Behavior\ReadHtmlCacheBehavior [ RunTime:0.000000s ]
INFO: [ app_begin ] --END-- [ RunTime:0.000000s ]
SQL: SHOW COLUMNS FROM `tp_goodsinfo` [ RunTime:0.0130s ]
SQL: SELECT `id`,`goodsname`,`goodsinfo`,`price`,`soldnum`,`sale`,`pic` FROM `tp_goodsinfo` WHERE ( tid=13 )  [ RunTime:0.0130s ]

[ 2019-05-06T12:22:06+08:00 ] 127.0.0.1 /Home/Type/typeinfo.html?id=14
INFO: [ app_begin ] --START--
INFO: Run Behavior\ReadHtmlCacheBehavior [ RunTime:0.001000s ]
INFO: [ app_begin ] --END-- [ RunTime:0.001000s ]
SQL: SHOW COLUMNS FROM `tp_goodsinfo` [ RunTime:0.0140s ]
SQL: SELECT `id`,`goodsname`,`goodsinfo`,`price`,`soldnum`,`sale`,`pic` FROM `tp_goodsinfo` WHERE ( tid=14 )  [ RunTime:0.0130s ]

[ 2019-05-06T12:22:06+08:00 ] 127.0.0.1 /Home/Type/typeinfo.html?id=15
INFO: [ app_begin ] --START--
INFO: Run Behavior\ReadHtmlCacheBehavior [ RunTime:0.000000s ]
INFO: [ app_begin ] --END-- [ RunTime:0.000000s ]
SQL: SHOW COLUMNS FROM `tp_goodsinfo` [ RunTime:0.0130s ]
SQL: SELECT `id`,`goodsname`,`goodsinfo`,`price`,`soldnum`,`sale`,`pic` FROM `tp_goodsinfo` WHERE ( tid=15 )  [ RunTime:0.0130s ]

[ 2019-05-06T12:22:07+08:00 ] 127.0.0.1 /Home/Type/typeinfo.html?id=17
INFO: [ app_begin ] --START--
INFO: Run Behavior\ReadHtmlCacheBehavior [ RunTime:0.000000s ]
INFO: [ app_begin ] --END-- [ RunTime:0.000000s ]
SQL: SHOW COLUMNS FROM `tp_goodsinfo` [ RunTime:0.0130s ]
SQL: SELECT `id`,`goodsname`,`goodsinfo`,`price`,`soldnum`,`sale`,`pic` FROM `tp_goodsinfo` WHERE ( tid=17 )  [ RunTime:0.0170s ]

[ 2019-05-06T12:22:08+08:00 ] 127.0.0.1 /Home/Type/typeinfo.html?id=11
INFO: [ app_begin ] --START--
INFO: Run Behavior\ReadHtmlCacheBehavior [ RunTime:0.001000s ]
INFO: [ app_begin ] --END-- [ RunTime:0.001000s ]
SQL: SHOW COLUMNS FROM `tp_goodsinfo` [ RunTime:0.0130s ]
SQL: SELECT `id`,`goodsname`,`goodsinfo`,`price`,`soldnum`,`sale`,`pic` FROM `tp_goodsinfo` WHERE ( tid=11 )  [ RunTime:0.0140s ]

[ 2019-05-06T12:22:08+08:00 ] 127.0.0.1 /Home/Type/typeinfo.html?id=12
INFO: [ app_begin ] --START--
INFO: Run Behavior\ReadHtmlCacheBehavior [ RunTime:0.000000s ]
INFO: [ app_begin ] --END-- [ RunTime:0.000000s ]
SQL: SHOW COLUMNS FROM `tp_goodsinfo` [ RunTime:0.0130s ]
SQL: SELECT `id`,`goodsname`,`goodsinfo`,`price`,`soldnum`,`sale`,`pic` FROM `tp_goodsinfo` WHERE ( tid=12 )  [ RunTime:0.0130s ]

[ 2019-05-06T12:22:09+08:00 ] 127.0.0.1 /Home/Type/typeinfo.html?id=13
INFO: [ app_begin ] --START--
INFO: Run Behavior\ReadHtmlCacheBehavior [ RunTime:0.000000s ]
INFO: [ app_begin ] --END-- [ RunTime:0.000000s ]
SQL: SHOW COLUMNS FROM `tp_goodsinfo` [ RunTime:0.0130s ]
SQL: SELECT `id`,`goodsname`,`goodsinfo`,`price`,`soldnum`,`sale`,`pic` FROM `tp_goodsinfo` WHERE ( tid=13 )  [ RunTime:0.0130s ]

[ 2019-05-06T12:22:09+08:00 ] 127.0.0.1 /Home/Type/typeinfo.html?id=14
INFO: [ app_begin ] --START--
INFO: Run Behavior\ReadHtmlCacheBehavior [ RunTime:0.001000s ]
INFO: [ app_begin ] --END-- [ RunTime:0.001000s ]
SQL: SHOW COLUMNS FROM `tp_goodsinfo` [ RunTime:0.0140s ]
SQL: SELECT `id`,`goodsname`,`goodsinfo`,`price`,`soldnum`,`sale`,`pic` FROM `tp_goodsinfo` WHERE ( tid=14 )  [ RunTime:0.0130s ]

[ 2019-05-06T12:22:09+08:00 ] 127.0.0.1 /Home/Type/typeinfo.html?id=15
INFO: [ app_begin ] --START--
INFO: Run Behavior\ReadHtmlCacheBehavior [ RunTime:0.001000s ]
INFO: [ app_begin ] --END-- [ RunTime:0.001000s ]
SQL: SHOW COLUMNS FROM `tp_goodsinfo` [ RunTime:0.0130s ]
SQL: SELECT `id`,`goodsname`,`goodsinfo`,`price`,`soldnum`,`sale`,`pic` FROM `tp_goodsinfo` WHERE ( tid=15 )  [ RunTime:0.0130s ]

[ 2019-05-06T13:04:38+08:00 ] 127.0.0.1 /Home/Type/typeinfo.html?id=11
INFO: [ app_begin ] --START--
INFO: Run Behavior\ReadHtmlCacheBehavior [ RunTime:0.000000s ]
INFO: [ app_begin ] --END-- [ RunTime:0.000000s ]
SQL: SHOW COLUMNS FROM `tp_goodsinfo` [ RunTime:0.0156s ]
SQL: SELECT `id`,`goodsname`,`goodsinfo`,`price`,`soldnum`,`sale`,`pic` FROM `tp_goodsinfo` WHERE ( tid=11 )  [ RunTime:0.0236s ]

[ 2019-05-06T13:04:39+08:00 ] 127.0.0.1 /Home/Type/typeinfo.html?id=12
INFO: [ app_begin ] --START--
INFO: Run Behavior\ReadHtmlCacheBehavior [ RunTime:0.000000s ]
INFO: [ app_begin ] --END-- [ RunTime:0.001000s ]
SQL: SHOW COLUMNS FROM `tp_goodsinfo` [ RunTime:0.0130s ]
SQL: SELECT `id`,`goodsname`,`goodsinfo`,`price`,`soldnum`,`sale`,`pic` FROM `tp_goodsinfo` WHERE ( tid=12 )  [ RunTime:0.0140s ]

[ 2019-05-06T13:07:15+08:00 ] 127.0.0.1 /Home/Type/typeinfo.html?id=11
INFO: [ app_begin ] --START--
INFO: Run Behavior\ReadHtmlCacheBehavior [ RunTime:0.000000s ]
INFO: [ app_begin ] --END-- [ RunTime:0.001000s ]
ERR: 非法操作:typeinfo

[ 2019-05-06T13:07:16+08:00 ] 127.0.0.1 /Home/Type/typeinfo.html?id=12
INFO: [ app_begin ] --START--
INFO: Run Behavior\ReadHtmlCacheBehavior [ RunTime:0.001000s ]
INFO: [ app_begin ] --END-- [ RunTime:0.001000s ]
ERR: 非法操作:typeinfo

[ 2019-05-06T13:07:17+08:00 ] 127.0.0.1 /Home/Type/typeinfo.html?id=13
INFO: [ app_begin ] --START--
INFO: Run Behavior\ReadHtmlCacheBehavior [ RunTime:0.001000s ]
INFO: [ app_begin ] --END-- [ RunTime:0.001000s ]
ERR: 非法操作:typeinfo

[ 2019-05-06T13:07:18+08:00 ] 127.0.0.1 /Home/Type/typeinfo.html?id=14
INFO: [ app_begin ] --START--
INFO: Run Behavior\ReadHtmlCacheBehavior [ RunTime:0.000000s ]
INFO: [ app_begin ] --END-- [ RunTime:0.000000s ]
ERR: 非法操作:typeinfo

[ 2019-05-06T13:07:19+08:00 ] 127.0.0.1 /Home/Type/typeinfo.html?id=15
INFO: [ app_begin ] --START--
INFO: Run Behavior\ReadHtmlCacheBehavior [ RunTime:0.000000s ]
INFO: [ app_begin ] --END-- [ RunTime:0.000000s ]
ERR: 非法操作:typeinfo

[ 2019-05-06T13:07:19+08:00 ] 127.0.0.1 /Home/Type/typeinfo.html?id=17
INFO: [ app_begin ] --START--
INFO: Run Behavior\ReadHtmlCacheBehavior [ RunTime:0.000000s ]
INFO: [ app_begin ] --END-- [ RunTime:0.000000s ]
ERR: 非法操作:typeinfo

[ 2019-05-06T13:07:21+08:00 ] 127.0.0.1 /Home/Type/typeinfo.html?id=17
INFO: [ app_begin ] --START--
INFO: Run Behavior\ReadHtmlCacheBehavior [ RunTime:0.000000s ]
INFO: [ app_begin ] --END-- [ RunTime:0.000000s ]
ERR: 非法操作:typeinfo

[ 2019-05-06T13:07:39+08:00 ] 127.0.0.1 /Home/Type/typegoods.html?gid=11
INFO: [ app_begin ] --START--
INFO: Run Behavior\ReadHtmlCacheBehavior [ RunTime:0.000000s ]
INFO: [ app_begin ] --END-- [ RunTime:0.000000s ]
INFO: [ view_parse ] --START--
INFO: [ template_filter ] --START--
INFO: Run Behavior\ContentReplaceBehavior [ RunTime:0.000000s ]
INFO: [ template_filter ] --END-- [ RunTime:0.000000s ]
NOTIC: [8] Undefined variable: type D:\phpStudy\WWW\tpshop\Application\Runtime\Cache\Home\18decd5b524c8b6ba97f385cc3551dec.php 第 94 行.
NOTIC: [8] Undefined variable: type D:\phpStudy\WWW\tpshop\Application\Runtime\Cache\Home\18decd5b524c8b6ba97f385cc3551dec.php 第 94 行.
NOTIC: [8] Undefined variable: types D:\phpStudy\WWW\tpshop\Application\Runtime\Cache\Home\18decd5b524c8b6ba97f385cc3551dec.php 第 96 行.
NOTIC: [8] Undefined variable: data D:\phpStudy\WWW\tpshop\Application\Runtime\Cache\Home\18decd5b524c8b6ba97f385cc3551dec.php 第 103 行.
INFO: Run Behavior\ParseTemplateBehavior [ RunTime:0.004000s ]
INFO: [ view_parse ] --END-- [ RunTime:0.004000s ]
INFO: [ view_filter ] --START--
INFO: Run Behavior\WriteHtmlCacheBehavior [ RunTime:0.000000s ]
INFO: [ view_filter ] --END-- [ RunTime:0.000000s ]
INFO: [ app_end ] --START--
INFO: Run Behavior\ShowPageTraceBehavior [ RunTime:0.000000s ]
INFO: [ app_end ] --END-- [ RunTime:0.000000s ]

[ 2019-05-06T13:07:40+08:00 ] 127.0.0.1 /Home/Type/typegoods.html?gid=12
INFO: [ app_begin ] --START--
INFO: Run Behavior\ReadHtmlCacheBehavior [ RunTime:0.000000s ]
INFO: [ app_begin ] --END-- [ RunTime:0.000000s ]
INFO: [ view_parse ] --START--
INFO: [ template_filter ] --START--
INFO: Run Behavior\ContentReplaceBehavior [ RunTime:0.000000s ]
INFO: [ template_filter ] --END-- [ RunTime:0.000000s ]
NOTIC: [8] Undefined variable: type D:\phpStudy\WWW\tpshop\Application\Runtime\Cache\Home\18decd5b524c8b6ba97f385cc3551dec.php 第 94 行.
NOTIC: [8] Undefined variable: type D:\phpStudy\WWW\tpshop\Application\Runtime\Cache\Home\18decd5b524c8b6ba97f385cc3551dec.php 第 94 行.
NOTIC: [8] Undefined variable: types D:\phpStudy\WWW\tpshop\Application\Runtime\Cache\Home\18decd5b524c8b6ba97f385cc3551dec.php 第 96 行.
NOTIC: [8] Undefined variable: data D:\phpStudy\WWW\tpshop\Application\Runtime\Cache\Home\18decd5b524c8b6ba97f385cc3551dec.php 第 103 行.
INFO: Run Behavior\ParseTemplateBehavior [ RunTime:0.004000s ]
INFO: [ view_parse ] --END-- [ RunTime:0.004000s ]
INFO: [ view_filter ] --START--
INFO: Run Behavior\WriteHtmlCacheBehavior [ RunTime:0.000000s ]
INFO: [ view_filter ] --END-- [ RunTime:0.000000s ]
INFO: [ app_end ] --START--
INFO: Run Behavior\ShowPageTraceBehavior [ RunTime:0.001000s ]
INFO: [ app_end ] --END-- [ RunTime:0.001000s ]

[ 2019-05-06T13:07:40+08:00 ] 127.0.0.1 /Home/Type/typegoods.html?gid=13
INFO: [ app_begin ] --START--
INFO: Run Behavior\ReadHtmlCacheBehavior [ RunTime:0.000000s ]
INFO: [ app_begin ] --END-- [ RunTime:0.000000s ]
INFO: [ view_parse ] --START--
INFO: [ template_filter ] --START--
INFO: Run Behavior\ContentReplaceBehavior [ RunTime:0.000000s ]
INFO: [ template_filter ] --END-- [ RunTime:0.000000s ]
NOTIC: [8] Undefined variable: type D:\phpStudy\WWW\tpshop\Application\Runtime\Cache\Home\18decd5b524c8b6ba97f385cc3551dec.php 第 94 行.
NOTIC: [8] Undefined variable: type D:\phpStudy\WWW\tpshop\Application\Runtime\Cache\Home\18decd5b524c8b6ba97f385cc3551dec.php 第 94 行.
NOTIC: [8] Undefined variable: types D:\phpStudy\WWW\tpshop\Application\Runtime\Cache\Home\18decd5b524c8b6ba97f385cc3551dec.php 第 96 行.
NOTIC: [8] Undefined variable: data D:\phpStudy\WWW\tpshop\Application\Runtime\Cache\Home\18decd5b524c8b6ba97f385cc3551dec.php 第 103 行.
INFO: Run Behavior\ParseTemplateBehavior [ RunTime:0.004000s ]
INFO: [ view_parse ] --END-- [ RunTime:0.004000s ]
INFO: [ view_filter ] --START--
INFO: Run Behavior\WriteHtmlCacheBehavior [ RunTime:0.000000s ]
INFO: [ view_filter ] --END-- [ RunTime:0.000000s ]
INFO: [ app_end ] --START--
INFO: Run Behavior\ShowPageTraceBehavior [ RunTime:0.000000s ]
INFO: [ app_end ] --END-- [ RunTime:0.000000s ]

[ 2019-05-06T13:07:41+08:00 ] 127.0.0.1 /Home/Type/typegoods.html?gid=14
INFO: [ app_begin ] --START--
INFO: Run Behavior\ReadHtmlCacheBehavior [ RunTime:0.001000s ]
INFO: [ app_begin ] --END-- [ RunTime:0.001000s ]
INFO: [ view_parse ] --START--
INFO: [ template_filter ] --START--
INFO: Run Behavior\ContentReplaceBehavior [ RunTime:0.001000s ]
INFO: [ template_filter ] --END-- [ RunTime:0.001000s ]
NOTIC: [8] Undefined variable: type D:\phpStudy\WWW\tpshop\Application\Runtime\Cache\Home\18decd5b524c8b6ba97f385cc3551dec.php 第 94 行.
NOTIC: [8] Undefined variable: type D:\phpStudy\WWW\tpshop\Application\Runtime\Cache\Home\18decd5b524c8b6ba97f385cc3551dec.php 第 94 行.
NOTIC: [8] Undefined variable: types D:\phpStudy\WWW\tpshop\Application\Runtime\Cache\Home\18decd5b524c8b6ba97f385cc3551dec.php 第 96 行.
NOTIC: [8] Undefined variable: data D:\phpStudy\WWW\tpshop\Application\Runtime\Cache\Home\18decd5b524c8b6ba97f385cc3551dec.php 第 103 行.
INFO: Run Behavior\ParseTemplateBehavior [ RunTime:0.004000s ]
INFO: [ view_parse ] --END-- [ RunTime:0.004000s ]
INFO: [ view_filter ] --START--
INFO: Run Behavior\WriteHtmlCacheBehavior [ RunTime:0.000000s ]
INFO: [ view_filter ] --END-- [ RunTime:0.000000s ]
INFO: [ app_end ] --START--
INFO: Run Behavior\ShowPageTraceBehavior [ RunTime:0.001000s ]
INFO: [ app_end ] --END-- [ RunTime:0.001000s ]

[ 2019-05-06T13:07:41+08:00 ] 127.0.0.1 /Home/Type/typegoods.html?gid=15
INFO: [ app_begin ] --START--
INFO: Run Behavior\ReadHtmlCacheBehavior [ RunTime:0.000000s ]
INFO: [ app_begin ] --END-- [ RunTime:0.001000s ]
INFO: [ view_parse ] --START--
INFO: [ template_filter ] --START--
INFO: Run Behavior\ContentReplaceBehavior [ RunTime:0.000000s ]
INFO: [ template_filter ] --END-- [ RunTime:0.000000s ]
NOTIC: [8] Undefined variable: type D:\phpStudy\WWW\tpshop\Application\Runtime\Cache\Home\18decd5b524c8b6ba97f385cc3551dec.php 第 94 行.
NOTIC: [8] Undefined variable: type D:\phpStudy\WWW\tpshop\Application\Runtime\Cache\Home\18decd5b524c8b6ba97f385cc3551dec.php 第 94 行.
NOTIC: [8] Undefined variable: types D:\phpStudy\WWW\tpshop\Application\Runtime\Cache\Home\18decd5b524c8b6ba97f385cc3551dec.php 第 96 行.
NOTIC: [8] Undefined variable: data D:\phpStudy\WWW\tpshop\Application\Runtime\Cache\Home\18decd5b524c8b6ba97f385cc3551dec.php 第 103 行.
INFO: Run Behavior\ParseTemplateBehavior [ RunTime:0.004000s ]
INFO: [ view_parse ] --END-- [ RunTime:0.004000s ]
INFO: [ view_filter ] --START--
INFO: Run Behavior\WriteHtmlCacheBehavior [ RunTime:0.000000s ]
INFO: [ view_filter ] --END-- [ RunTime:0.000000s ]
INFO: [ app_end ] --START--
INFO: Run Behavior\ShowPageTraceBehavior [ RunTime:0.001000s ]
INFO: [ app_end ] --END-- [ RunTime:0.001000s ]

[ 2019-05-06T13:07:42+08:00 ] 127.0.0.1 /Home/Type/typegoods.html?gid=17
INFO: [ app_begin ] --START--
INFO: Run Behavior\ReadHtmlCacheBehavior [ RunTime:0.000000s ]
INFO: [ app_begin ] --END-- [ RunTime:0.000000s ]
INFO: [ view_parse ] --START--
INFO: [ template_filter ] --START--
INFO: Run Behavior\ContentReplaceBehavior [ RunTime:0.000000s ]
INFO: [ template_filter ] --END-- [ RunTime:0.000000s ]
NOTIC: [8] Undefined variable: type D:\phpStudy\WWW\tpshop\Application\Runtime\Cache\Home\18decd5b524c8b6ba97f385cc3551dec.php 第 94 行.
NOTIC: [8] Undefined variable: type D:\phpStudy\WWW\tpshop\Application\Runtime\Cache\Home\18decd5b524c8b6ba97f385cc3551dec.php 第 94 行.
NOTIC: [8] Undefined variable: types D:\phpStudy\WWW\tpshop\Application\Runtime\Cache\Home\18decd5b524c8b6ba97f385cc3551dec.php 第 96 行.
NOTIC: [8] Undefined variable: data D:\phpStudy\WWW\tpshop\Application\Runtime\Cache\Home\18decd5b524c8b6ba97f385cc3551dec.php 第 103 行.
INFO: Run Behavior\ParseTemplateBehavior [ RunTime:0.003000s ]
INFO: [ view_parse ] --END-- [ RunTime:0.003000s ]
INFO: [ view_filter ] --START--
INFO: Run Behavior\WriteHtmlCacheBehavior [ RunTime:0.001000s ]
INFO: [ view_filter ] --END-- [ RunTime:0.001000s ]
INFO: [ app_end ] --START--
INFO: Run Behavior\ShowPageTraceBehavior [ RunTime:0.000000s ]
INFO: [ app_end ] --END-- [ RunTime:0.000000s ]

[ 2019-05-06T13:08:08+08:00 ] 127.0.0.1 /Home/Type/typegoods.html?gid=11
INFO: [ app_begin ] --START--
INFO: Run Behavior\ReadHtmlCacheBehavior [ RunTime:0.000000s ]
INFO: [ app_begin ] --END-- [ RunTime:0.001000s ]
SQL: SHOW COLUMNS FROM `tp_goodsinfo` [ RunTime:0.0170s ]
ERR: 1064:You have an error in your SQL syntax; check the manual that corresponds to your MySQL server version for the right syntax to use near ')' at line 1
 [ SQL语句 ] : SELECT `id`,`goodsname`,`goodsinfo`,`price`,`soldnum`,`sale`,`pic` FROM `tp_goodsinfo` WHERE ( tid= ) 
ERR: 1064:You have an error in your SQL syntax; check the manual that corresponds to your MySQL server version for the right syntax to use near ')' at line 1
 [ SQL语句 ] : SELECT `id`,`goodsname`,`goodsinfo`,`price`,`soldnum`,`sale`,`pic` FROM `tp_goodsinfo` WHERE ( tid= ) 

[ 2019-05-06T13:08:09+08:00 ] 127.0.0.1 /Home/Type/typegoods.html?gid=12
INFO: [ app_begin ] --START--
INFO: Run Behavior\ReadHtmlCacheBehavior [ RunTime:0.000000s ]
INFO: [ app_begin ] --END-- [ RunTime:0.001000s ]
SQL: SHOW COLUMNS FROM `tp_goodsinfo` [ RunTime:0.0140s ]
ERR: 1064:You have an error in your SQL syntax; check the manual that corresponds to your MySQL server version for the right syntax to use near ')' at line 1
 [ SQL语句 ] : SELECT `id`,`goodsname`,`goodsinfo`,`price`,`soldnum`,`sale`,`pic` FROM `tp_goodsinfo` WHERE ( tid= ) 
ERR: 1064:You have an error in your SQL syntax; check the manual that corresponds to your MySQL server version for the right syntax to use near ')' at line 1
 [ SQL语句 ] : SELECT `id`,`goodsname`,`goodsinfo`,`price`,`soldnum`,`sale`,`pic` FROM `tp_goodsinfo` WHERE ( tid= ) 

[ 2019-05-06T13:08:10+08:00 ] 127.0.0.1 /Home/Type/typegoods.html?gid=13
INFO: [ app_begin ] --START--
INFO: Run Behavior\ReadHtmlCacheBehavior [ RunTime:0.001000s ]
INFO: [ app_begin ] --END-- [ RunTime:0.001000s ]
SQL: SHOW COLUMNS FROM `tp_goodsinfo` [ RunTime:0.0130s ]
ERR: 1064:You have an error in your SQL syntax; check the manual that corresponds to your MySQL server version for the right syntax to use near ')' at line 1
 [ SQL语句 ] : SELECT `id`,`goodsname`,`goodsinfo`,`price`,`soldnum`,`sale`,`pic` FROM `tp_goodsinfo` WHERE ( tid= ) 
ERR: 1064:You have an error in your SQL syntax; check the manual that corresponds to your MySQL server version for the right syntax to use near ')' at line 1
 [ SQL语句 ] : SELECT `id`,`goodsname`,`goodsinfo`,`price`,`soldnum`,`sale`,`pic` FROM `tp_goodsinfo` WHERE ( tid= ) 

[ 2019-05-06T13:08:11+08:00 ] 127.0.0.1 /Home/Type/typegoods.html?gid=14
INFO: [ app_begin ] --START--
INFO: Run Behavior\ReadHtmlCacheBehavior [ RunTime:0.000000s ]
INFO: [ app_begin ] --END-- [ RunTime:0.000000s ]
SQL: SHOW COLUMNS FROM `tp_goodsinfo` [ RunTime:0.0140s ]
ERR: 1064:You have an error in your SQL syntax; check the manual that corresponds to your MySQL server version for the right syntax to use near ')' at line 1
 [ SQL语句 ] : SELECT `id`,`goodsname`,`goodsinfo`,`price`,`soldnum`,`sale`,`pic` FROM `tp_goodsinfo` WHERE ( tid= ) 
ERR: 1064:You have an error in your SQL syntax; check the manual that corresponds to your MySQL server version for the right syntax to use near ')' at line 1
 [ SQL语句 ] : SELECT `id`,`goodsname`,`goodsinfo`,`price`,`soldnum`,`sale`,`pic` FROM `tp_goodsinfo` WHERE ( tid= ) 

[ 2019-05-06T13:08:11+08:00 ] 127.0.0.1 /Home/Type/typegoods.html?gid=15
INFO: [ app_begin ] --START--
INFO: Run Behavior\ReadHtmlCacheBehavior [ RunTime:0.001000s ]
INFO: [ app_begin ] --END-- [ RunTime:0.001000s ]
SQL: SHOW COLUMNS FROM `tp_goodsinfo` [ RunTime:0.0150s ]
ERR: 1064:You have an error in your SQL syntax; check the manual that corresponds to your MySQL server version for the right syntax to use near ')' at line 1
 [ SQL语句 ] : SELECT `id`,`goodsname`,`goodsinfo`,`price`,`soldnum`,`sale`,`pic` FROM `tp_goodsinfo` WHERE ( tid= ) 
ERR: 1064:You have an error in your SQL syntax; check the manual that corresponds to your MySQL server version for the right syntax to use near ')' at line 1
 [ SQL语句 ] : SELECT `id`,`goodsname`,`goodsinfo`,`price`,`soldnum`,`sale`,`pic` FROM `tp_goodsinfo` WHERE ( tid= ) 

[ 2019-05-06T13:09:27+08:00 ] 127.0.0.1 /Home/Type/typegoods.html?gid=11
INFO: [ app_begin ] --START--
INFO: Run Behavior\ReadHtmlCacheBehavior [ RunTime:0.000000s ]
INFO: [ app_begin ] --END-- [ RunTime:0.000000s ]
SQL: SHOW COLUMNS FROM `tp_goodsinfo` [ RunTime:0.0170s ]
ERR: 1064:You have an error in your SQL syntax; check the manual that corresponds to your MySQL server version for the right syntax to use near ')' at line 1
 [ SQL语句 ] : SELECT `id`,`goodsname`,`goodsinfo`,`price`,`soldnum`,`sale`,`pic` FROM `tp_goodsinfo` WHERE ( tid= ) 
ERR: 1064:You have an error in your SQL syntax; check the manual that corresponds to your MySQL server version for the right syntax to use near ')' at line 1
 [ SQL语句 ] : SELECT `id`,`goodsname`,`goodsinfo`,`price`,`soldnum`,`sale`,`pic` FROM `tp_goodsinfo` WHERE ( tid= ) 

[ 2019-05-06T13:10:46+08:00 ] 127.0.0.1 /Home/Type/typegoods.html?gid=11
INFO: [ app_begin ] --START--
INFO: Run Behavior\ReadHtmlCacheBehavior [ RunTime:0.000000s ]
INFO: [ app_begin ] --END-- [ RunTime:0.001000s ]
SQL: SHOW COLUMNS FROM `tp_goodsinfo` [ RunTime:0.0230s ]
ERR: 1064:You have an error in your SQL syntax; check the manual that corresponds to your MySQL server version for the right syntax to use near ')' at line 1
 [ SQL语句 ] : SELECT `id`,`goodsname`,`goodsinfo`,`price`,`soldnum`,`sale`,`pic` FROM `tp_goodsinfo` WHERE ( tid= ) 
ERR: 1064:You have an error in your SQL syntax; check the manual that corresponds to your MySQL server version for the right syntax to use near ')' at line 1
 [ SQL语句 ] : SELECT `id`,`goodsname`,`goodsinfo`,`price`,`soldnum`,`sale`,`pic` FROM `tp_goodsinfo` WHERE ( tid= ) 

[ 2019-05-06T13:11:01+08:00 ] 127.0.0.1 /Home/Type/typegoods.html?gid=11
ERR: 1064:You have an error in your SQL syntax; check the manual that corresponds to your MySQL server version for the right syntax to use near ')' at line 1
 [ SQL语句 ] : SELECT `id`,`goodsname`,`goodsinfo`,`price`,`soldnum`,`sale`,`pic` FROM `tp_goodsinfo` WHERE ( tid= ) 

[ 2019-05-06T13:11:36+08:00 ] 127.0.0.1 /Home/Type/typegoods.html?gid=11
ERR: 1064:You have an error in your SQL syntax; check the manual that corresponds to your MySQL server version for the right syntax to use near ')' at line 1
 [ SQL语句 ] : SELECT `id`,`goodsname`,`goodsinfo`,`price`,`soldnum`,`sale`,`pic` FROM `tp_goodsinfo` WHERE ( tid= ) 

[ 2019-05-06T13:14:16+08:00 ] 127.0.0.1 /Home/type/typegoods
ERR: 1064:You have an error in your SQL syntax; check the manual that corresponds to your MySQL server version for the right syntax to use near ')' at line 1
 [ SQL语句 ] : SELECT `id`,`goodsname`,`goodsinfo`,`price`,`soldnum`,`sale`,`pic` FROM `tp_goodsinfo` WHERE ( tid= ) 

[ 2019-05-06T13:14:23+08:00 ] 127.0.0.1 /Home/Type/typegoods.html?gid=11
INFO: [ app_begin ] --START--
INFO: Run Behavior\ReadHtmlCacheBehavior [ RunTime:0.000000s ]
INFO: [ app_begin ] --END-- [ RunTime:0.001000s ]
SQL: SHOW COLUMNS FROM `tp_goodsinfo` [ RunTime:0.0140s ]
SQL: SELECT `id`,`goodsname`,`goodsinfo`,`price`,`soldnum`,`sale`,`pic` FROM `tp_goodsinfo` WHERE ( tid=11 )  [ RunTime:0.0140s ]
INFO: [ view_parse ] --START--
INFO: [ template_filter ] --START--
INFO: Run Behavior\ContentReplaceBehavior [ RunTime:0.000000s ]
INFO: [ template_filter ] --END-- [ RunTime:0.000000s ]
NOTIC: [8] Undefined variable: type D:\phpStudy\WWW\tpshop\Application\Runtime\Cache\Home\18decd5b524c8b6ba97f385cc3551dec.php 第 94 行.
NOTIC: [8] Undefined variable: type D:\phpStudy\WWW\tpshop\Application\Runtime\Cache\Home\18decd5b524c8b6ba97f385cc3551dec.php 第 94 行.
NOTIC: [8] Undefined variable: types D:\phpStudy\WWW\tpshop\Application\Runtime\Cache\Home\18decd5b524c8b6ba97f385cc3551dec.php 第 96 行.
INFO: Run Behavior\ParseTemplateBehavior [ RunTime:0.004000s ]
INFO: [ view_parse ] --END-- [ RunTime:0.004000s ]
INFO: [ view_filter ] --START--
INFO: Run Behavior\WriteHtmlCacheBehavior [ RunTime:0.001000s ]
INFO: [ view_filter ] --END-- [ RunTime:0.001000s ]
INFO: [ app_end ] --START--
INFO: Run Behavior\ShowPageTraceBehavior [ RunTime:0.000000s ]
INFO: [ app_end ] --END-- [ RunTime:0.000000s ]

[ 2019-05-06T13:14:24+08:00 ] 127.0.0.1 /Home/Type/typegoods.html?gid=12
INFO: [ app_begin ] --START--
INFO: Run Behavior\ReadHtmlCacheBehavior [ RunTime:0.000000s ]
INFO: [ app_begin ] --END-- [ RunTime:0.000000s ]
SQL: SHOW COLUMNS FROM `tp_goodsinfo` [ RunTime:0.0140s ]
SQL: SELECT `id`,`goodsname`,`goodsinfo`,`price`,`soldnum`,`sale`,`pic` FROM `tp_goodsinfo` WHERE ( tid=12 )  [ RunTime:0.0130s ]
INFO: [ view_parse ] --START--
INFO: [ template_filter ] --START--
INFO: Run Behavior\ContentReplaceBehavior [ RunTime:0.000000s ]
INFO: [ template_filter ] --END-- [ RunTime:0.000000s ]
NOTIC: [8] Undefined variable: type D:\phpStudy\WWW\tpshop\Application\Runtime\Cache\Home\18decd5b524c8b6ba97f385cc3551dec.php 第 94 行.
NOTIC: [8] Undefined variable: type D:\phpStudy\WWW\tpshop\Application\Runtime\Cache\Home\18decd5b524c8b6ba97f385cc3551dec.php 第 94 行.
NOTIC: [8] Undefined variable: types D:\phpStudy\WWW\tpshop\Application\Runtime\Cache\Home\18decd5b524c8b6ba97f385cc3551dec.php 第 96 行.
INFO: Run Behavior\ParseTemplateBehavior [ RunTime:0.004000s ]
INFO: [ view_parse ] --END-- [ RunTime:0.004000s ]
INFO: [ view_filter ] --START--
INFO: Run Behavior\WriteHtmlCacheBehavior [ RunTime:0.000000s ]
INFO: [ view_filter ] --END-- [ RunTime:0.000000s ]
INFO: [ app_end ] --START--
INFO: Run Behavior\ShowPageTraceBehavior [ RunTime:0.000000s ]
INFO: [ app_end ] --END-- [ RunTime:0.001000s ]

[ 2019-05-06T13:14:25+08:00 ] 127.0.0.1 /Home/Type/typegoods.html?gid=13
INFO: [ app_begin ] --START--
INFO: Run Behavior\ReadHtmlCacheBehavior [ RunTime:0.000000s ]
INFO: [ app_begin ] --END-- [ RunTime:0.000000s ]
SQL: SHOW COLUMNS FROM `tp_goodsinfo` [ RunTime:0.0140s ]
SQL: SELECT `id`,`goodsname`,`goodsinfo`,`price`,`soldnum`,`sale`,`pic` FROM `tp_goodsinfo` WHERE ( tid=13 )  [ RunTime:0.0130s ]
INFO: [ view_parse ] --START--
INFO: [ template_filter ] --START--
INFO: Run Behavior\ContentReplaceBehavior [ RunTime:0.000000s ]
INFO: [ template_filter ] --END-- [ RunTime:0.000000s ]
NOTIC: [8] Undefined variable: type D:\phpStudy\WWW\tpshop\Application\Runtime\Cache\Home\18decd5b524c8b6ba97f385cc3551dec.php 第 94 行.
NOTIC: [8] Undefined variable: type D:\phpStudy\WWW\tpshop\Application\Runtime\Cache\Home\18decd5b524c8b6ba97f385cc3551dec.php 第 94 行.
NOTIC: [8] Undefined variable: types D:\phpStudy\WWW\tpshop\Application\Runtime\Cache\Home\18decd5b524c8b6ba97f385cc3551dec.php 第 96 行.
INFO: Run Behavior\ParseTemplateBehavior [ RunTime:0.004000s ]
INFO: [ view_parse ] --END-- [ RunTime:0.005000s ]
INFO: [ view_filter ] --START--
INFO: Run Behavior\WriteHtmlCacheBehavior [ RunTime:0.000000s ]
INFO: [ view_filter ] --END-- [ RunTime:0.000000s ]
INFO: [ app_end ] --START--
INFO: Run Behavior\ShowPageTraceBehavior [ RunTime:0.001000s ]
INFO: [ app_end ] --END-- [ RunTime:0.001000s ]

[ 2019-05-06T13:14:26+08:00 ] 127.0.0.1 /Home/Type/typegoods.html?gid=14
INFO: [ app_begin ] --START--
INFO: Run Behavior\ReadHtmlCacheBehavior [ RunTime:0.000000s ]
INFO: [ app_begin ] --END-- [ RunTime:0.001000s ]
SQL: SHOW COLUMNS FROM `tp_goodsinfo` [ RunTime:0.0130s ]
SQL: SELECT `id`,`goodsname`,`goodsinfo`,`price`,`soldnum`,`sale`,`pic` FROM `tp_goodsinfo` WHERE ( tid=14 )  [ RunTime:0.0110s ]
INFO: [ view_parse ] --START--
INFO: [ template_filter ] --START--
INFO: Run Behavior\ContentReplaceBehavior [ RunTime:0.000000s ]
INFO: [ template_filter ] --END-- [ RunTime:0.000000s ]
NOTIC: [8] Undefined variable: type D:\phpStudy\WWW\tpshop\Application\Runtime\Cache\Home\18decd5b524c8b6ba97f385cc3551dec.php 第 94 行.
NOTIC: [8] Undefined variable: type D:\phpStudy\WWW\tpshop\Application\Runtime\Cache\Home\18decd5b524c8b6ba97f385cc3551dec.php 第 94 行.
NOTIC: [8] Undefined variable: types D:\phpStudy\WWW\tpshop\Application\Runtime\Cache\Home\18decd5b524c8b6ba97f385cc3551dec.php 第 96 行.
INFO: Run Behavior\ParseTemplateBehavior [ RunTime:0.000000s ]
INFO: [ view_parse ] --END-- [ RunTime:0.000000s ]
INFO: [ view_filter ] --START--
INFO: Run Behavior\WriteHtmlCacheBehavior [ RunTime:0.000000s ]
INFO: [ view_filter ] --END-- [ RunTime:0.000000s ]
INFO: [ app_end ] --START--
INFO: Run Behavior\ShowPageTraceBehavior [ RunTime:0.000000s ]
INFO: [ app_end ] --END-- [ RunTime:0.000000s ]

[ 2019-05-06T13:14:26+08:00 ] 127.0.0.1 /Home/Type/typegoods.html?gid=15
INFO: [ app_begin ] --START--
INFO: Run Behavior\ReadHtmlCacheBehavior [ RunTime:0.000000s ]
INFO: [ app_begin ] --END-- [ RunTime:0.000000s ]
SQL: SHOW COLUMNS FROM `tp_goodsinfo` [ RunTime:0.0140s ]
SQL: SELECT `id`,`goodsname`,`goodsinfo`,`price`,`soldnum`,`sale`,`pic` FROM `tp_goodsinfo` WHERE ( tid=15 )  [ RunTime:0.0140s ]
INFO: [ view_parse ] --START--
INFO: [ template_filter ] --START--
INFO: Run Behavior\ContentReplaceBehavior [ RunTime:0.000000s ]
INFO: [ template_filter ] --END-- [ RunTime:0.000000s ]
NOTIC: [8] Undefined variable: type D:\phpStudy\WWW\tpshop\Application\Runtime\Cache\Home\18decd5b524c8b6ba97f385cc3551dec.php 第 94 行.
NOTIC: [8] Undefined variable: type D:\phpStudy\WWW\tpshop\Application\Runtime\Cache\Home\18decd5b524c8b6ba97f385cc3551dec.php 第 94 行.
NOTIC: [8] Undefined variable: types D:\phpStudy\WWW\tpshop\Application\Runtime\Cache\Home\18decd5b524c8b6ba97f385cc3551dec.php 第 96 行.
INFO: Run Behavior\ParseTemplateBehavior [ RunTime:0.005000s ]
INFO: [ view_parse ] --END-- [ RunTime:0.005000s ]
INFO: [ view_filter ] --START--
INFO: Run Behavior\WriteHtmlCacheBehavior [ RunTime:0.000000s ]
INFO: [ view_filter ] --END-- [ RunTime:0.000000s ]
INFO: [ app_end ] --START--
INFO: Run Behavior\ShowPageTraceBehavior [ RunTime:0.000000s ]
INFO: [ app_end ] --END-- [ RunTime:0.000000s ]

[ 2019-05-06T13:14:27+08:00 ] 127.0.0.1 /Home/Type/typegoods.html?gid=17
INFO: [ app_begin ] --START--
INFO: Run Behavior\ReadHtmlCacheBehavior [ RunTime:0.001000s ]
INFO: [ app_begin ] --END-- [ RunTime:0.001000s ]
SQL: SHOW COLUMNS FROM `tp_goodsinfo` [ RunTime:0.0140s ]
SQL: SELECT `id`,`goodsname`,`goodsinfo`,`price`,`soldnum`,`sale`,`pic` FROM `tp_goodsinfo` WHERE ( tid=17 )  [ RunTime:0.0130s ]
INFO: [ view_parse ] --START--
INFO: [ template_filter ] --START--
INFO: Run Behavior\ContentReplaceBehavior [ RunTime:0.000000s ]
INFO: [ template_filter ] --END-- [ RunTime:0.001000s ]
NOTIC: [8] Undefined variable: type D:\phpStudy\WWW\tpshop\Application\Runtime\Cache\Home\18decd5b524c8b6ba97f385cc3551dec.php 第 94 行.
NOTIC: [8] Undefined variable: type D:\phpStudy\WWW\tpshop\Application\Runtime\Cache\Home\18decd5b524c8b6ba97f385cc3551dec.php 第 94 行.
NOTIC: [8] Undefined variable: types D:\phpStudy\WWW\tpshop\Application\Runtime\Cache\Home\18decd5b524c8b6ba97f385cc3551dec.php 第 96 行.
INFO: Run Behavior\ParseTemplateBehavior [ RunTime:0.006000s ]
INFO: [ view_parse ] --END-- [ RunTime:0.007000s ]
INFO: [ view_filter ] --START--
INFO: Run Behavior\WriteHtmlCacheBehavior [ RunTime:0.000000s ]
INFO: [ view_filter ] --END-- [ RunTime:0.000000s ]
INFO: [ app_end ] --START--
INFO: Run Behavior\ShowPageTraceBehavior [ RunTime:0.000000s ]
INFO: [ app_end ] --END-- [ RunTime:0.000000s ]

[ 2019-05-06T13:14:29+08:00 ] 127.0.0.1 /Home/Type/typegoods.html?gid=15
INFO: [ app_begin ] --START--
INFO: Run Behavior\ReadHtmlCacheBehavior [ RunTime:0.001000s ]
INFO: [ app_begin ] --END-- [ RunTime:0.001000s ]
SQL: SHOW COLUMNS FROM `tp_goodsinfo` [ RunTime:0.0140s ]
SQL: SELECT `id`,`goodsname`,`goodsinfo`,`price`,`soldnum`,`sale`,`pic` FROM `tp_goodsinfo` WHERE ( tid=15 )  [ RunTime:0.0130s ]
INFO: [ view_parse ] --START--
INFO: [ template_filter ] --START--
INFO: Run Behavior\ContentReplaceBehavior [ RunTime:0.000000s ]
INFO: [ template_filter ] --END-- [ RunTime:0.000000s ]
NOTIC: [8] Undefined variable: type D:\phpStudy\WWW\tpshop\Application\Runtime\Cache\Home\18decd5b524c8b6ba97f385cc3551dec.php 第 94 行.
NOTIC: [8] Undefined variable: type D:\phpStudy\WWW\tpshop\Application\Runtime\Cache\Home\18decd5b524c8b6ba97f385cc3551dec.php 第 94 行.
NOTIC: [8] Undefined variable: types D:\phpStudy\WWW\tpshop\Application\Runtime\Cache\Home\18decd5b524c8b6ba97f385cc3551dec.php 第 96 行.
INFO: Run Behavior\ParseTemplateBehavior [ RunTime:0.006000s ]
INFO: [ view_parse ] --END-- [ RunTime:0.006000s ]
INFO: [ view_filter ] --START--
INFO: Run Behavior\WriteHtmlCacheBehavior [ RunTime:0.000000s ]
INFO: [ view_filter ] --END-- [ RunTime:0.000000s ]
INFO: [ app_end ] --START--
INFO: Run Behavior\ShowPageTraceBehavior [ RunTime:0.000000s ]
INFO: [ app_end ] --END-- [ RunTime:0.000000s ]

[ 2019-05-06T13:14:30+08:00 ] 127.0.0.1 /Home/Type/typegoods.html?gid=14
INFO: [ app_begin ] --START--
INFO: Run Behavior\ReadHtmlCacheBehavior [ RunTime:0.000000s ]
INFO: [ app_begin ] --END-- [ RunTime:0.000000s ]
SQL: SHOW COLUMNS FROM `tp_goodsinfo` [ RunTime:0.0130s ]
SQL: SELECT `id`,`goodsname`,`goodsinfo`,`price`,`soldnum`,`sale`,`pic` FROM `tp_goodsinfo` WHERE ( tid=14 )  [ RunTime:0.0130s ]
INFO: [ view_parse ] --START--
INFO: [ template_filter ] --START--
INFO: Run Behavior\ContentReplaceBehavior [ RunTime:0.000000s ]
INFO: [ template_filter ] --END-- [ RunTime:0.000000s ]
NOTIC: [8] Undefined variable: type D:\phpStudy\WWW\tpshop\Application\Runtime\Cache\Home\18decd5b524c8b6ba97f385cc3551dec.php 第 94 行.
NOTIC: [8] Undefined variable: type D:\phpStudy\WWW\tpshop\Application\Runtime\Cache\Home\18decd5b524c8b6ba97f385cc3551dec.php 第 94 行.
NOTIC: [8] Undefined variable: types D:\phpStudy\WWW\tpshop\Application\Runtime\Cache\Home\18decd5b524c8b6ba97f385cc3551dec.php 第 96 行.
INFO: Run Behavior\ParseTemplateBehavior [ RunTime:0.004000s ]
INFO: [ view_parse ] --END-- [ RunTime:0.004000s ]
INFO: [ view_filter ] --START--
INFO: Run Behavior\WriteHtmlCacheBehavior [ RunTime:0.000000s ]
INFO: [ view_filter ] --END-- [ RunTime:0.000000s ]
INFO: [ app_end ] --START--
INFO: Run Behavior\ShowPageTraceBehavior [ RunTime:0.001000s ]
INFO: [ app_end ] --END-- [ RunTime:0.001000s ]

[ 2019-05-06T13:14:30+08:00 ] 127.0.0.1 /Home/Type/typegoods.html?gid=13
INFO: [ app_begin ] --START--
INFO: Run Behavior\ReadHtmlCacheBehavior [ RunTime:0.001000s ]
INFO: [ app_begin ] --END-- [ RunTime:0.001000s ]
SQL: SHOW COLUMNS FROM `tp_goodsinfo` [ RunTime:0.0130s ]
SQL: SELECT `id`,`goodsname`,`goodsinfo`,`price`,`soldnum`,`sale`,`pic` FROM `tp_goodsinfo` WHERE ( tid=13 )  [ RunTime:0.0130s ]
INFO: [ view_parse ] --START--
INFO: [ template_filter ] --START--
INFO: Run Behavior\ContentReplaceBehavior [ RunTime:0.000000s ]
INFO: [ template_filter ] --END-- [ RunTime:0.000000s ]
NOTIC: [8] Undefined variable: type D:\phpStudy\WWW\tpshop\Application\Runtime\Cache\Home\18decd5b524c8b6ba97f385cc3551dec.php 第 94 行.
NOTIC: [8] Undefined variable: type D:\phpStudy\WWW\tpshop\Application\Runtime\Cache\Home\18decd5b524c8b6ba97f385cc3551dec.php 第 94 行.
NOTIC: [8] Undefined variable: types D:\phpStudy\WWW\tpshop\Application\Runtime\Cache\Home\18decd5b524c8b6ba97f385cc3551dec.php 第 96 行.
INFO: Run Behavior\ParseTemplateBehavior [ RunTime:0.004000s ]
INFO: [ view_parse ] --END-- [ RunTime:0.004000s ]
INFO: [ view_filter ] --START--
INFO: Run Behavior\WriteHtmlCacheBehavior [ RunTime:0.000000s ]
INFO: [ view_filter ] --END-- [ RunTime:0.000000s ]
INFO: [ app_end ] --START--
INFO: Run Behavior\ShowPageTraceBehavior [ RunTime:0.001000s ]
INFO: [ app_end ] --END-- [ RunTime:0.001000s ]

[ 2019-05-06T13:14:31+08:00 ] 127.0.0.1 /Home/Type/typegoods.html?gid=12
INFO: [ app_begin ] --START--
INFO: Run Behavior\ReadHtmlCacheBehavior [ RunTime:0.000000s ]
INFO: [ app_begin ] --END-- [ RunTime:0.001000s ]
SQL: SHOW COLUMNS FROM `tp_goodsinfo` [ RunTime:0.0130s ]
SQL: SELECT `id`,`goodsname`,`goodsinfo`,`price`,`soldnum`,`sale`,`pic` FROM `tp_goodsinfo` WHERE ( tid=12 )  [ RunTime:0.0120s ]
INFO: [ view_parse ] --START--
INFO: [ template_filter ] --START--
INFO: Run Behavior\ContentReplaceBehavior [ RunTime:0.000000s ]
INFO: [ template_filter ] --END-- [ RunTime:0.000000s ]
NOTIC: [8] Undefined variable: type D:\phpStudy\WWW\tpshop\Application\Runtime\Cache\Home\18decd5b524c8b6ba97f385cc3551dec.php 第 94 行.
NOTIC: [8] Undefined variable: type D:\phpStudy\WWW\tpshop\Application\Runtime\Cache\Home\18decd5b524c8b6ba97f385cc3551dec.php 第 94 行.
NOTIC: [8] Undefined variable: types D:\phpStudy\WWW\tpshop\Application\Runtime\Cache\Home\18decd5b524c8b6ba97f385cc3551dec.php 第 96 行.
INFO: Run Behavior\ParseTemplateBehavior [ RunTime:0.005000s ]
INFO: [ view_parse ] --END-- [ RunTime:0.005000s ]
INFO: [ view_filter ] --START--
INFO: Run Behavior\WriteHtmlCacheBehavior [ RunTime:0.000000s ]
INFO: [ view_filter ] --END-- [ RunTime:0.000000s ]
INFO: [ app_end ] --START--
INFO: Run Behavior\ShowPageTraceBehavior [ RunTime:0.001000s ]
INFO: [ app_end ] --END-- [ RunTime:0.001000s ]

[ 2019-05-06T13:14:31+08:00 ] 127.0.0.1 /Home/Type/typegoods.html?gid=11
INFO: [ app_begin ] --START--
INFO: Run Behavior\ReadHtmlCacheBehavior [ RunTime:0.001000s ]
INFO: [ app_begin ] --END-- [ RunTime:0.001000s ]
SQL: SHOW COLUMNS FROM `tp_goodsinfo` [ RunTime:0.0130s ]
SQL: SELECT `id`,`goodsname`,`goodsinfo`,`price`,`soldnum`,`sale`,`pic` FROM `tp_goodsinfo` WHERE ( tid=11 )  [ RunTime:0.0130s ]
INFO: [ view_parse ] --START--
INFO: [ template_filter ] --START--
INFO: Run Behavior\ContentReplaceBehavior [ RunTime:0.000000s ]
INFO: [ template_filter ] --END-- [ RunTime:0.000000s ]
NOTIC: [8] Undefined variable: type D:\phpStudy\WWW\tpshop\Application\Runtime\Cache\Home\18decd5b524c8b6ba97f385cc3551dec.php 第 94 行.
NOTIC: [8] Undefined variable: type D:\phpStudy\WWW\tpshop\Application\Runtime\Cache\Home\18decd5b524c8b6ba97f385cc3551dec.php 第 94 行.
NOTIC: [8] Undefined variable: types D:\phpStudy\WWW\tpshop\Application\Runtime\Cache\Home\18decd5b524c8b6ba97f385cc3551dec.php 第 96 行.
INFO: Run Behavior\ParseTemplateBehavior [ RunTime:0.004000s ]
INFO: [ view_parse ] --END-- [ RunTime:0.004000s ]
INFO: [ view_filter ] --START--
INFO: Run Behavior\WriteHtmlCacheBehavior [ RunTime:0.000000s ]
INFO: [ view_filter ] --END-- [ RunTime:0.001000s ]
INFO: [ app_end ] --START--
INFO: Run Behavior\ShowPageTraceBehavior [ RunTime:0.000000s ]
INFO: [ app_end ] --END-- [ RunTime:0.000000s ]

[ 2019-05-06T13:14:32+08:00 ] 127.0.0.1 /Home/Type/typegoods.html?gid=12
INFO: [ app_begin ] --START--
INFO: Run Behavior\ReadHtmlCacheBehavior [ RunTime:0.000000s ]
INFO: [ app_begin ] --END-- [ RunTime:0.000000s ]
SQL: SHOW COLUMNS FROM `tp_goodsinfo` [ RunTime:0.0140s ]
SQL: SELECT `id`,`goodsname`,`goodsinfo`,`price`,`soldnum`,`sale`,`pic` FROM `tp_goodsinfo` WHERE ( tid=12 )  [ RunTime:0.0130s ]
INFO: [ view_parse ] --START--
INFO: [ template_filter ] --START--
INFO: Run Behavior\ContentReplaceBehavior [ RunTime:0.000000s ]
INFO: [ template_filter ] --END-- [ RunTime:0.000000s ]
NOTIC: [8] Undefined variable: type D:\phpStudy\WWW\tpshop\Application\Runtime\Cache\Home\18decd5b524c8b6ba97f385cc3551dec.php 第 94 行.
NOTIC: [8] Undefined variable: type D:\phpStudy\WWW\tpshop\Application\Runtime\Cache\Home\18decd5b524c8b6ba97f385cc3551dec.php 第 94 行.
NOTIC: [8] Undefined variable: types D:\phpStudy\WWW\tpshop\Application\Runtime\Cache\Home\18decd5b524c8b6ba97f385cc3551dec.php 第 96 行.
INFO: Run Behavior\ParseTemplateBehavior [ RunTime:0.005000s ]
INFO: [ view_parse ] --END-- [ RunTime:0.005000s ]
INFO: [ view_filter ] --START--
INFO: Run Behavior\WriteHtmlCacheBehavior [ RunTime:0.000000s ]
INFO: [ view_filter ] --END-- [ RunTime:0.000000s ]
INFO: [ app_end ] --START--
INFO: Run Behavior\ShowPageTraceBehavior [ RunTime:0.000000s ]
INFO: [ app_end ] --END-- [ RunTime:0.000000s ]

[ 2019-05-06T13:14:32+08:00 ] 127.0.0.1 /Home/Type/typegoods.html?gid=13
INFO: [ app_begin ] --START--
INFO: Run Behavior\ReadHtmlCacheBehavior [ RunTime:0.000000s ]
INFO: [ app_begin ] --END-- [ RunTime:0.000000s ]
SQL: SHOW COLUMNS FROM `tp_goodsinfo` [ RunTime:0.0140s ]
SQL: SELECT `id`,`goodsname`,`goodsinfo`,`price`,`soldnum`,`sale`,`pic` FROM `tp_goodsinfo` WHERE ( tid=13 )  [ RunTime:0.0130s ]
INFO: [ view_parse ] --START--
INFO: [ template_filter ] --START--
INFO: Run Behavior\ContentReplaceBehavior [ RunTime:0.000000s ]
INFO: [ template_filter ] --END-- [ RunTime:0.000000s ]
NOTIC: [8] Undefined variable: type D:\phpStudy\WWW\tpshop\Application\Runtime\Cache\Home\18decd5b524c8b6ba97f385cc3551dec.php 第 94 行.
NOTIC: [8] Undefined variable: type D:\phpStudy\WWW\tpshop\Application\Runtime\Cache\Home\18decd5b524c8b6ba97f385cc3551dec.php 第 94 行.
NOTIC: [8] Undefined variable: types D:\phpStudy\WWW\tpshop\Application\Runtime\Cache\Home\18decd5b524c8b6ba97f385cc3551dec.php 第 96 行.
INFO: Run Behavior\ParseTemplateBehavior [ RunTime:0.004000s ]
INFO: [ view_parse ] --END-- [ RunTime:0.004000s ]
INFO: [ view_filter ] --START--
INFO: Run Behavior\WriteHtmlCacheBehavior [ RunTime:0.001000s ]
INFO: [ view_filter ] --END-- [ RunTime:0.001000s ]
INFO: [ app_end ] --START--
INFO: Run Behavior\ShowPageTraceBehavior [ RunTime:0.000000s ]
INFO: [ app_end ] --END-- [ RunTime:0.000000s ]

[ 2019-05-06T13:14:33+08:00 ] 127.0.0.1 /Home/Type/typegoods.html?gid=14
INFO: [ app_begin ] --START--
INFO: Run Behavior\ReadHtmlCacheBehavior [ RunTime:0.000000s ]
INFO: [ app_begin ] --END-- [ RunTime:0.000000s ]
SQL: SHOW COLUMNS FROM `tp_goodsinfo` [ RunTime:0.0130s ]
SQL: SELECT `id`,`goodsname`,`goodsinfo`,`price`,`soldnum`,`sale`,`pic` FROM `tp_goodsinfo` WHERE ( tid=14 )  [ RunTime:0.0130s ]
INFO: [ view_parse ] --START--
INFO: [ template_filter ] --START--
INFO: Run Behavior\ContentReplaceBehavior [ RunTime:0.000000s ]
INFO: [ template_filter ] --END-- [ RunTime:0.000000s ]
NOTIC: [8] Undefined variable: type D:\phpStudy\WWW\tpshop\Application\Runtime\Cache\Home\18decd5b524c8b6ba97f385cc3551dec.php 第 94 行.
NOTIC: [8] Undefined variable: type D:\phpStudy\WWW\tpshop\Application\Runtime\Cache\Home\18decd5b524c8b6ba97f385cc3551dec.php 第 94 行.
NOTIC: [8] Undefined variable: types D:\phpStudy\WWW\tpshop\Application\Runtime\Cache\Home\18decd5b524c8b6ba97f385cc3551dec.php 第 96 行.
INFO: Run Behavior\ParseTemplateBehavior [ RunTime:0.005000s ]
INFO: [ view_parse ] --END-- [ RunTime:0.005000s ]
INFO: [ view_filter ] --START--
INFO: Run Behavior\WriteHtmlCacheBehavior [ RunTime:0.000000s ]
INFO: [ view_filter ] --END-- [ RunTime:0.000000s ]
INFO: [ app_end ] --START--
INFO: Run Behavior\ShowPageTraceBehavior [ RunTime:0.000000s ]
INFO: [ app_end ] --END-- [ RunTime:0.000000s ]

[ 2019-05-06T13:14:33+08:00 ] 127.0.0.1 /Home/Type/typegoods.html?gid=15
INFO: [ app_begin ] --START--
INFO: Run Behavior\ReadHtmlCacheBehavior [ RunTime:0.000000s ]
INFO: [ app_begin ] --END-- [ RunTime:0.000000s ]
SQL: SHOW COLUMNS FROM `tp_goodsinfo` [ RunTime:0.0140s ]
SQL: SELECT `id`,`goodsname`,`goodsinfo`,`price`,`soldnum`,`sale`,`pic` FROM `tp_goodsinfo` WHERE ( tid=15 )  [ RunTime:0.0130s ]
INFO: [ view_parse ] --START--
INFO: [ template_filter ] --START--
INFO: Run Behavior\ContentReplaceBehavior [ RunTime:0.000000s ]
INFO: [ template_filter ] --END-- [ RunTime:0.000000s ]
NOTIC: [8] Undefined variable: type D:\phpStudy\WWW\tpshop\Application\Runtime\Cache\Home\18decd5b524c8b6ba97f385cc3551dec.php 第 94 行.
NOTIC: [8] Undefined variable: type D:\phpStudy\WWW\tpshop\Application\Runtime\Cache\Home\18decd5b524c8b6ba97f385cc3551dec.php 第 94 行.
NOTIC: [8] Undefined variable: types D:\phpStudy\WWW\tpshop\Application\Runtime\Cache\Home\18decd5b524c8b6ba97f385cc3551dec.php 第 96 行.
INFO: Run Behavior\ParseTemplateBehavior [ RunTime:0.005000s ]
INFO: [ view_parse ] --END-- [ RunTime:0.005000s ]
INFO: [ view_filter ] --START--
INFO: Run Behavior\WriteHtmlCacheBehavior [ RunTime:0.000000s ]
INFO: [ view_filter ] --END-- [ RunTime:0.000000s ]
INFO: [ app_end ] --START--
INFO: Run Behavior\ShowPageTraceBehavior [ RunTime:0.000000s ]
INFO: [ app_end ] --END-- [ RunTime:0.000000s ]

[ 2019-05-06T13:14:34+08:00 ] 127.0.0.1 /Home/Type/typegoods.html?gid=17
INFO: [ app_begin ] --START--
INFO: Run Behavior\ReadHtmlCacheBehavior [ RunTime:0.001000s ]
INFO: [ app_begin ] --END-- [ RunTime:0.001000s ]
SQL: SHOW COLUMNS FROM `tp_goodsinfo` [ RunTime:0.0140s ]
SQL: SELECT `id`,`goodsname`,`goodsinfo`,`price`,`soldnum`,`sale`,`pic` FROM `tp_goodsinfo` WHERE ( tid=17 )  [ RunTime:0.0130s ]
INFO: [ view_parse ] --START--
INFO: [ template_filter ] --START--
INFO: Run Behavior\ContentReplaceBehavior [ RunTime:0.000000s ]
INFO: [ template_filter ] --END-- [ RunTime:0.001000s ]
NOTIC: [8] Undefined variable: type D:\phpStudy\WWW\tpshop\Application\Runtime\Cache\Home\18decd5b524c8b6ba97f385cc3551dec.php 第 94 行.
NOTIC: [8] Undefined variable: type D:\phpStudy\WWW\tpshop\Application\Runtime\Cache\Home\18decd5b524c8b6ba97f385cc3551dec.php 第 94 行.
NOTIC: [8] Undefined variable: types D:\phpStudy\WWW\tpshop\Application\Runtime\Cache\Home\18decd5b524c8b6ba97f385cc3551dec.php 第 96 行.
INFO: Run Behavior\ParseTemplateBehavior [ RunTime:0.004000s ]
INFO: [ view_parse ] --END-- [ RunTime:0.004000s ]
INFO: [ view_filter ] --START--
INFO: Run Behavior\WriteHtmlCacheBehavior [ RunTime:0.000000s ]
INFO: [ view_filter ] --END-- [ RunTime:0.000000s ]
INFO: [ app_end ] --START--
INFO: Run Behavior\ShowPageTraceBehavior [ RunTime:0.001000s ]
INFO: [ app_end ] --END-- [ RunTime:0.001000s ]

[ 2019-05-06T13:14:51+08:00 ] 127.0.0.1 /Home/Type/typegoods.html?gid=13
INFO: [ app_begin ] --START--
INFO: Run Behavior\ReadHtmlCacheBehavior [ RunTime:0.000000s ]
INFO: [ app_begin ] --END-- [ RunTime:0.001000s ]
SQL: SHOW COLUMNS FROM `tp_goodsinfo` [ RunTime:0.0160s ]
SQL: SELECT `id`,`goodsname`,`goodsinfo`,`price`,`soldnum`,`sale`,`pic` FROM `tp_goodsinfo` WHERE ( tid=13 )  [ RunTime:0.0170s ]
INFO: [ view_parse ] --START--
INFO: [ template_filter ] --START--
INFO: Run Behavior\ContentReplaceBehavior [ RunTime:0.000000s ]
INFO: [ template_filter ] --END-- [ RunTime:0.000000s ]
NOTIC: [8] Undefined variable: type D:\phpStudy\WWW\tpshop\Application\Runtime\Cache\Home\18decd5b524c8b6ba97f385cc3551dec.php 第 94 行.
NOTIC: [8] Undefined variable: type D:\phpStudy\WWW\tpshop\Application\Runtime\Cache\Home\18decd5b524c8b6ba97f385cc3551dec.php 第 94 行.
NOTIC: [8] Undefined variable: types D:\phpStudy\WWW\tpshop\Application\Runtime\Cache\Home\18decd5b524c8b6ba97f385cc3551dec.php 第 96 行.
INFO: Run Behavior\ParseTemplateBehavior [ RunTime:0.005000s ]
INFO: [ view_parse ] --END-- [ RunTime:0.005000s ]
INFO: [ view_filter ] --START--
INFO: Run Behavior\WriteHtmlCacheBehavior [ RunTime:0.000000s ]
INFO: [ view_filter ] --END-- [ RunTime:0.000000s ]
INFO: [ app_end ] --START--
INFO: Run Behavior\ShowPageTraceBehavior [ RunTime:0.000000s ]
INFO: [ app_end ] --END-- [ RunTime:0.000000s ]

[ 2019-05-06T13:14:52+08:00 ] 127.0.0.1 /Home/Type/typegoods.html?gid=11
INFO: [ app_begin ] --START--
INFO: Run Behavior\ReadHtmlCacheBehavior [ RunTime:0.000000s ]
INFO: [ app_begin ] --END-- [ RunTime:0.000000s ]
SQL: SHOW COLUMNS FROM `tp_goodsinfo` [ RunTime:0.0170s ]
SQL: SELECT `id`,`goodsname`,`goodsinfo`,`price`,`soldnum`,`sale`,`pic` FROM `tp_goodsinfo` WHERE ( tid=11 )  [ RunTime:0.0170s ]
INFO: [ view_parse ] --START--
INFO: [ template_filter ] --START--
INFO: Run Behavior\ContentReplaceBehavior [ RunTime:0.000000s ]
INFO: [ template_filter ] --END-- [ RunTime:0.000000s ]
NOTIC: [8] Undefined variable: type D:\phpStudy\WWW\tpshop\Application\Runtime\Cache\Home\18decd5b524c8b6ba97f385cc3551dec.php 第 94 行.
NOTIC: [8] Undefined variable: type D:\phpStudy\WWW\tpshop\Application\Runtime\Cache\Home\18decd5b524c8b6ba97f385cc3551dec.php 第 94 行.
NOTIC: [8] Undefined variable: types D:\phpStudy\WWW\tpshop\Application\Runtime\Cache\Home\18decd5b524c8b6ba97f385cc3551dec.php 第 96 行.
INFO: Run Behavior\ParseTemplateBehavior [ RunTime:0.004000s ]
INFO: [ view_parse ] --END-- [ RunTime:0.004000s ]
INFO: [ view_filter ] --START--
INFO: Run Behavior\WriteHtmlCacheBehavior [ RunTime:0.000000s ]
INFO: [ view_filter ] --END-- [ RunTime:0.000000s ]
INFO: [ app_end ] --START--
INFO: Run Behavior\ShowPageTraceBehavior [ RunTime:0.000000s ]
INFO: [ app_end ] --END-- [ RunTime:0.000000s ]

[ 2019-05-06T13:14:53+08:00 ] 127.0.0.1 /Home/Type/typegoods.html?gid=11
INFO: [ app_begin ] --START--
INFO: Run Behavior\ReadHtmlCacheBehavior [ RunTime:0.000000s ]
INFO: [ app_begin ] --END-- [ RunTime:0.000000s ]
SQL: SHOW COLUMNS FROM `tp_goodsinfo` [ RunTime:0.0160s ]
SQL: SELECT `id`,`goodsname`,`goodsinfo`,`price`,`soldnum`,`sale`,`pic` FROM `tp_goodsinfo` WHERE ( tid=11 )  [ RunTime:0.0160s ]
INFO: [ view_parse ] --START--
INFO: [ template_filter ] --START--
INFO: Run Behavior\ContentReplaceBehavior [ RunTime:0.000000s ]
INFO: [ template_filter ] --END-- [ RunTime:0.000000s ]
NOTIC: [8] Undefined variable: type D:\phpStudy\WWW\tpshop\Application\Runtime\Cache\Home\18decd5b524c8b6ba97f385cc3551dec.php 第 94 行.
NOTIC: [8] Undefined variable: type D:\phpStudy\WWW\tpshop\Application\Runtime\Cache\Home\18decd5b524c8b6ba97f385cc3551dec.php 第 94 行.
NOTIC: [8] Undefined variable: types D:\phpStudy\WWW\tpshop\Application\Runtime\Cache\Home\18decd5b524c8b6ba97f385cc3551dec.php 第 96 行.
INFO: Run Behavior\ParseTemplateBehavior [ RunTime:0.004000s ]
INFO: [ view_parse ] --END-- [ RunTime:0.004000s ]
INFO: [ view_filter ] --START--
INFO: Run Behavior\WriteHtmlCacheBehavior [ RunTime:0.000000s ]
INFO: [ view_filter ] --END-- [ RunTime:0.000000s ]
INFO: [ app_end ] --START--
INFO: Run Behavior\ShowPageTraceBehavior [ RunTime:0.001000s ]
INFO: [ app_end ] --END-- [ RunTime:0.001000s ]

[ 2019-05-06T13:14:53+08:00 ] 127.0.0.1 /Home/Type/typegoods.html?gid=11
INFO: [ app_begin ] --START--
INFO: Run Behavior\ReadHtmlCacheBehavior [ RunTime:0.001000s ]
INFO: [ app_begin ] --END-- [ RunTime:0.001000s ]
SQL: SHOW COLUMNS FROM `tp_goodsinfo` [ RunTime:0.0140s ]
SQL: SELECT `id`,`goodsname`,`goodsinfo`,`price`,`soldnum`,`sale`,`pic` FROM `tp_goodsinfo` WHERE ( tid=11 )  [ RunTime:0.0130s ]
INFO: [ view_parse ] --START--
INFO: [ template_filter ] --START--
INFO: Run Behavior\ContentReplaceBehavior [ RunTime:0.000000s ]
INFO: [ template_filter ] --END-- [ RunTime:0.000000s ]
NOTIC: [8] Undefined variable: type D:\phpStudy\WWW\tpshop\Application\Runtime\Cache\Home\18decd5b524c8b6ba97f385cc3551dec.php 第 94 行.
NOTIC: [8] Undefined variable: type D:\phpStudy\WWW\tpshop\Application\Runtime\Cache\Home\18decd5b524c8b6ba97f385cc3551dec.php 第 94 行.
NOTIC: [8] Undefined variable: types D:\phpStudy\WWW\tpshop\Application\Runtime\Cache\Home\18decd5b524c8b6ba97f385cc3551dec.php 第 96 行.
INFO: Run Behavior\ParseTemplateBehavior [ RunTime:0.004000s ]
INFO: [ view_parse ] --END-- [ RunTime:0.004000s ]
INFO: [ view_filter ] --START--
INFO: Run Behavior\WriteHtmlCacheBehavior [ RunTime:0.000000s ]
INFO: [ view_filter ] --END-- [ RunTime:0.000000s ]
INFO: [ app_end ] --START--
INFO: Run Behavior\ShowPageTraceBehavior [ RunTime:0.000000s ]
INFO: [ app_end ] --END-- [ RunTime:0.000000s ]

[ 2019-05-06T13:14:54+08:00 ] 127.0.0.1 /Home/Type/typegoods.html?gid=11
INFO: [ app_begin ] --START--
INFO: Run Behavior\ReadHtmlCacheBehavior [ RunTime:0.000000s ]
INFO: [ app_begin ] --END-- [ RunTime:0.001000s ]
SQL: SHOW COLUMNS FROM `tp_goodsinfo` [ RunTime:0.0140s ]
SQL: SELECT `id`,`goodsname`,`goodsinfo`,`price`,`soldnum`,`sale`,`pic` FROM `tp_goodsinfo` WHERE ( tid=11 )  [ RunTime:0.0140s ]
INFO: [ view_parse ] --START--
INFO: [ template_filter ] --START--
INFO: Run Behavior\ContentReplaceBehavior [ RunTime:0.000000s ]
INFO: [ template_filter ] --END-- [ RunTime:0.000000s ]
NOTIC: [8] Undefined variable: type D:\phpStudy\WWW\tpshop\Application\Runtime\Cache\Home\18decd5b524c8b6ba97f385cc3551dec.php 第 94 行.
NOTIC: [8] Undefined variable: type D:\phpStudy\WWW\tpshop\Application\Runtime\Cache\Home\18decd5b524c8b6ba97f385cc3551dec.php 第 94 行.
NOTIC: [8] Undefined variable: types D:\phpStudy\WWW\tpshop\Application\Runtime\Cache\Home\18decd5b524c8b6ba97f385cc3551dec.php 第 96 行.
INFO: Run Behavior\ParseTemplateBehavior [ RunTime:0.004000s ]
INFO: [ view_parse ] --END-- [ RunTime:0.004000s ]
INFO: [ view_filter ] --START--
INFO: Run Behavior\WriteHtmlCacheBehavior [ RunTime:0.000000s ]
INFO: [ view_filter ] --END-- [ RunTime:0.000000s ]
INFO: [ app_end ] --START--
INFO: Run Behavior\ShowPageTraceBehavior [ RunTime:0.001000s ]
INFO: [ app_end ] --END-- [ RunTime:0.001000s ]

[ 2019-05-06T13:14:54+08:00 ] 127.0.0.1 /Home/Type/typegoods.html?gid=11
INFO: [ app_begin ] --START--
INFO: Run Behavior\ReadHtmlCacheBehavior [ RunTime:0.001000s ]
INFO: [ app_begin ] --END-- [ RunTime:0.001000s ]
SQL: SHOW COLUMNS FROM `tp_goodsinfo` [ RunTime:0.0130s ]
SQL: SELECT `id`,`goodsname`,`goodsinfo`,`price`,`soldnum`,`sale`,`pic` FROM `tp_goodsinfo` WHERE ( tid=11 )  [ RunTime:0.0130s ]
INFO: [ view_parse ] --START--
INFO: [ template_filter ] --START--
INFO: Run Behavior\ContentReplaceBehavior [ RunTime:0.000000s ]
INFO: [ template_filter ] --END-- [ RunTime:0.000000s ]
NOTIC: [8] Undefined variable: type D:\phpStudy\WWW\tpshop\Application\Runtime\Cache\Home\18decd5b524c8b6ba97f385cc3551dec.php 第 94 行.
NOTIC: [8] Undefined variable: type D:\phpStudy\WWW\tpshop\Application\Runtime\Cache\Home\18decd5b524c8b6ba97f385cc3551dec.php 第 94 行.
NOTIC: [8] Undefined variable: types D:\phpStudy\WWW\tpshop\Application\Runtime\Cache\Home\18decd5b524c8b6ba97f385cc3551dec.php 第 96 行.
INFO: Run Behavior\ParseTemplateBehavior [ RunTime:0.004000s ]
INFO: [ view_parse ] --END-- [ RunTime:0.004000s ]
INFO: [ view_filter ] --START--
INFO: Run Behavior\WriteHtmlCacheBehavior [ RunTime:0.000000s ]
INFO: [ view_filter ] --END-- [ RunTime:0.000000s ]
INFO: [ app_end ] --START--
INFO: Run Behavior\ShowPageTraceBehavior [ RunTime:0.000000s ]
INFO: [ app_end ] --END-- [ RunTime:0.001000s ]

[ 2019-05-06T13:14:54+08:00 ] 127.0.0.1 /Home/Type/typegoods.html?gid=11
INFO: [ app_begin ] --START--
INFO: Run Behavior\ReadHtmlCacheBehavior [ RunTime:0.000000s ]
INFO: [ app_begin ] --END-- [ RunTime:0.001000s ]
SQL: SHOW COLUMNS FROM `tp_goodsinfo` [ RunTime:0.0140s ]
SQL: SELECT `id`,`goodsname`,`goodsinfo`,`price`,`soldnum`,`sale`,`pic` FROM `tp_goodsinfo` WHERE ( tid=11 )  [ RunTime:0.0140s ]
INFO: [ view_parse ] --START--
INFO: [ template_filter ] --START--
INFO: Run Behavior\ContentReplaceBehavior [ RunTime:0.000000s ]
INFO: [ template_filter ] --END-- [ RunTime:0.000000s ]
NOTIC: [8] Undefined variable: type D:\phpStudy\WWW\tpshop\Application\Runtime\Cache\Home\18decd5b524c8b6ba97f385cc3551dec.php 第 94 行.
NOTIC: [8] Undefined variable: type D:\phpStudy\WWW\tpshop\Application\Runtime\Cache\Home\18decd5b524c8b6ba97f385cc3551dec.php 第 94 行.
NOTIC: [8] Undefined variable: types D:\phpStudy\WWW\tpshop\Application\Runtime\Cache\Home\18decd5b524c8b6ba97f385cc3551dec.php 第 96 行.
INFO: Run Behavior\ParseTemplateBehavior [ RunTime:0.004000s ]
INFO: [ view_parse ] --END-- [ RunTime:0.004000s ]
INFO: [ view_filter ] --START--
INFO: Run Behavior\WriteHtmlCacheBehavior [ RunTime:0.000000s ]
INFO: [ view_filter ] --END-- [ RunTime:0.000000s ]
INFO: [ app_end ] --START--
INFO: Run Behavior\ShowPageTraceBehavior [ RunTime:0.000000s ]
INFO: [ app_end ] --END-- [ RunTime:0.000000s ]

[ 2019-05-06T13:14:55+08:00 ] 127.0.0.1 /Home/Type/typegoods.html?gid=11
INFO: [ app_begin ] --START--
INFO: Run Behavior\ReadHtmlCacheBehavior [ RunTime:0.000000s ]
INFO: [ app_begin ] --END-- [ RunTime:0.000000s ]
SQL: SHOW COLUMNS FROM `tp_goodsinfo` [ RunTime:0.0140s ]
SQL: SELECT `id`,`goodsname`,`goodsinfo`,`price`,`soldnum`,`sale`,`pic` FROM `tp_goodsinfo` WHERE ( tid=11 )  [ RunTime:0.0130s ]
INFO: [ view_parse ] --START--
INFO: [ template_filter ] --START--
INFO: Run Behavior\ContentReplaceBehavior [ RunTime:0.000000s ]
INFO: [ template_filter ] --END-- [ RunTime:0.000000s ]
NOTIC: [8] Undefined variable: type D:\phpStudy\WWW\tpshop\Application\Runtime\Cache\Home\18decd5b524c8b6ba97f385cc3551dec.php 第 94 行.
NOTIC: [8] Undefined variable: type D:\phpStudy\WWW\tpshop\Application\Runtime\Cache\Home\18decd5b524c8b6ba97f385cc3551dec.php 第 94 行.
NOTIC: [8] Undefined variable: types D:\phpStudy\WWW\tpshop\Application\Runtime\Cache\Home\18decd5b524c8b6ba97f385cc3551dec.php 第 96 行.
INFO: Run Behavior\ParseTemplateBehavior [ RunTime:0.004000s ]
INFO: [ view_parse ] --END-- [ RunTime:0.004000s ]
INFO: [ view_filter ] --START--
INFO: Run Behavior\WriteHtmlCacheBehavior [ RunTime:0.000000s ]
INFO: [ view_filter ] --END-- [ RunTime:0.000000s ]
INFO: [ app_end ] --START--
INFO: Run Behavior\ShowPageTraceBehavior [ RunTime:0.001000s ]
INFO: [ app_end ] --END-- [ RunTime:0.001000s ]

[ 2019-05-06T13:15:38+08:00 ] 127.0.0.1 /Home/Type/typegoods.html?gid=11
INFO: [ app_begin ] --START--
INFO: Run Behavior\ReadHtmlCacheBehavior [ RunTime:0.000000s ]
INFO: [ app_begin ] --END-- [ RunTime:0.000000s ]
SQL: SHOW COLUMNS FROM `tp_goodstype` [ RunTime:0.0170s ]
ERR: 1064:You have an error in your SQL syntax; check the manual that corresponds to your MySQL server version for the right syntax to use near ')' at line 1
 [ SQL语句 ] : SELECT `id`,`tname` FROM `tp_goodstype` WHERE ( id= ) 
ERR: 1064:You have an error in your SQL syntax; check the manual that corresponds to your MySQL server version for the right syntax to use near ')' at line 1
 [ SQL语句 ] : SELECT `id`,`tname` FROM `tp_goodstype` WHERE ( id= ) 

[ 2019-05-06T13:28:59+08:00 ] 127.0.0.1 /Home/Type/typeinfo.html?id=11
INFO: [ app_begin ] --START--
INFO: Run Behavior\ReadHtmlCacheBehavior [ RunTime:0.000000s ]
INFO: [ app_begin ] --END-- [ RunTime:0.001000s ]
SQL: SHOW COLUMNS FROM `tp_goodsinfo` [ RunTime:0.0130s ]
SQL: SELECT `id`,`goodsname`,`goodsinfo`,`price`,`soldnum`,`sale`,`pic` FROM `tp_goodsinfo` WHERE ( tid=11 )  [ RunTime:0.0140s ]

[ 2019-05-06T13:29:14+08:00 ] 127.0.0.1 /Home/Type/typeinfo.html?id=11
INFO: [ app_begin ] --START--
INFO: Run Behavior\ReadHtmlCacheBehavior [ RunTime:0.000000s ]
INFO: [ app_begin ] --END-- [ RunTime:0.000000s ]
SQL: SHOW COLUMNS FROM `tp_goodsinfo` [ RunTime:0.0130s ]
SQL: SELECT `id`,`goodsname`,`goodsinfo`,`price`,`soldnum`,`sale`,`pic` FROM `tp_goodsinfo` WHERE ( tid=11 )  [ RunTime:0.0140s ]

[ 2019-05-06T18:49:19+08:00 ] 127.0.0.1 /Home/Type/typeinfo.html?id=11
INFO: [ app_begin ] --START--
INFO: Run Behavior\ReadHtmlCacheBehavior [ RunTime:0.001000s ]
INFO: [ app_begin ] --END-- [ RunTime:0.001000s ]
SQL: SHOW COLUMNS FROM `tp_goodsinfo` [ RunTime:0.0130s ]
SQL: SELECT `id`,`goodsname`,`goodsinfo`,`price`,`soldnum`,`sale`,`pic` FROM `tp_goodsinfo` WHERE ( tid=11 )  [ RunTime:0.0130s ]

[ 2019-05-06T18:49:21+08:00 ] 127.0.0.1 /Home/Type/typeinfo.html?id=12
INFO: [ app_begin ] --START--
INFO: Run Behavior\ReadHtmlCacheBehavior [ RunTime:0.000000s ]
INFO: [ app_begin ] --END-- [ RunTime:0.000000s ]
SQL: SHOW COLUMNS FROM `tp_goodsinfo` [ RunTime:0.0140s ]
SQL: SELECT `id`,`goodsname`,`goodsinfo`,`price`,`soldnum`,`sale`,`pic` FROM `tp_goodsinfo` WHERE ( tid=12 )  [ RunTime:0.0130s ]

[ 2019-05-06T18:49:22+08:00 ] 127.0.0.1 /Home/Type/typeinfo.html?id=13
INFO: [ app_begin ] --START--
INFO: Run Behavior\ReadHtmlCacheBehavior [ RunTime:0.000000s ]
INFO: [ app_begin ] --END-- [ RunTime:0.001000s ]
SQL: SHOW COLUMNS FROM `tp_goodsinfo` [ RunTime:0.0130s ]
SQL: SELECT `id`,`goodsname`,`goodsinfo`,`price`,`soldnum`,`sale`,`pic` FROM `tp_goodsinfo` WHERE ( tid=13 )  [ RunTime:0.0130s ]

[ 2019-05-06T18:49:22+08:00 ] 127.0.0.1 /Home/Type/typeinfo.html?id=14
INFO: [ app_begin ] --START--
INFO: Run Behavior\ReadHtmlCacheBehavior [ RunTime:0.000000s ]
INFO: [ app_begin ] --END-- [ RunTime:0.001000s ]
SQL: SHOW COLUMNS FROM `tp_goodsinfo` [ RunTime:0.0140s ]
SQL: SELECT `id`,`goodsname`,`goodsinfo`,`price`,`soldnum`,`sale`,`pic` FROM `tp_goodsinfo` WHERE ( tid=14 )  [ RunTime:0.0130s ]

[ 2019-05-06T18:49:23+08:00 ] 127.0.0.1 /Home/Type/typeinfo.html?id=15
INFO: [ app_begin ] --START--
INFO: Run Behavior\ReadHtmlCacheBehavior [ RunTime:0.001000s ]
INFO: [ app_begin ] --END-- [ RunTime:0.001000s ]
SQL: SHOW COLUMNS FROM `tp_goodsinfo` [ RunTime:0.0140s ]
SQL: SELECT `id`,`goodsname`,`goodsinfo`,`price`,`soldnum`,`sale`,`pic` FROM `tp_goodsinfo` WHERE ( tid=15 )  [ RunTime:0.0130s ]

[ 2019-05-06T18:49:23+08:00 ] 127.0.0.1 /Home/Type/typeinfo.html?id=17
INFO: [ app_begin ] --START--
INFO: Run Behavior\ReadHtmlCacheBehavior [ RunTime:0.000000s ]
INFO: [ app_begin ] --END-- [ RunTime:0.000000s ]
SQL: SHOW COLUMNS FROM `tp_goodsinfo` [ RunTime:0.0140s ]
SQL: SELECT `id`,`goodsname`,`goodsinfo`,`price`,`soldnum`,`sale`,`pic` FROM `tp_goodsinfo` WHERE ( tid=17 )  [ RunTime:0.0140s ]

[ 2019-05-06T18:49:24+08:00 ] 127.0.0.1 /Home/Type/typeinfo.html?id=15
INFO: [ app_begin ] --START--
INFO: Run Behavior\ReadHtmlCacheBehavior [ RunTime:0.000000s ]
INFO: [ app_begin ] --END-- [ RunTime:0.000000s ]
SQL: SHOW COLUMNS FROM `tp_goodsinfo` [ RunTime:0.0236s ]
SQL: SELECT `id`,`goodsname`,`goodsinfo`,`price`,`soldnum`,`sale`,`pic` FROM `tp_goodsinfo` WHERE ( tid=15 )  [ RunTime:0.0130s ]

[ 2019-05-06T18:49:24+08:00 ] 127.0.0.1 /Home/Type/typeinfo.html?id=14
INFO: [ app_begin ] --START--
INFO: Run Behavior\ReadHtmlCacheBehavior [ RunTime:0.000000s ]
INFO: [ app_begin ] --END-- [ RunTime:0.000000s ]
SQL: SHOW COLUMNS FROM `tp_goodsinfo` [ RunTime:0.0140s ]
SQL: SELECT `id`,`goodsname`,`goodsinfo`,`price`,`soldnum`,`sale`,`pic` FROM `tp_goodsinfo` WHERE ( tid=14 )  [ RunTime:0.0130s ]

[ 2019-05-06T18:49:25+08:00 ] 127.0.0.1 /Home/Type/typeinfo.html?id=13
INFO: [ app_begin ] --START--
INFO: Run Behavior\ReadHtmlCacheBehavior [ RunTime:0.000000s ]
INFO: [ app_begin ] --END-- [ RunTime:0.000000s ]
SQL: SHOW COLUMNS FROM `tp_goodsinfo` [ RunTime:0.0150s ]
SQL: SELECT `id`,`goodsname`,`goodsinfo`,`price`,`soldnum`,`sale`,`pic` FROM `tp_goodsinfo` WHERE ( tid=13 )  [ RunTime:0.0130s ]

[ 2019-05-06T18:49:25+08:00 ] 127.0.0.1 /Home/Type/typeinfo.html?id=12
INFO: [ app_begin ] --START--
INFO: Run Behavior\ReadHtmlCacheBehavior [ RunTime:0.000000s ]
INFO: [ app_begin ] --END-- [ RunTime:0.000000s ]
SQL: SHOW COLUMNS FROM `tp_goodsinfo` [ RunTime:0.0130s ]
SQL: SELECT `id`,`goodsname`,`goodsinfo`,`price`,`soldnum`,`sale`,`pic` FROM `tp_goodsinfo` WHERE ( tid=12 )  [ RunTime:0.0130s ]

[ 2019-05-06T18:49:26+08:00 ] 127.0.0.1 /Home/Type/typeinfo.html?id=11
INFO: [ app_begin ] --START--
INFO: Run Behavior\ReadHtmlCacheBehavior [ RunTime:0.000000s ]
INFO: [ app_begin ] --END-- [ RunTime:0.000000s ]
SQL: SHOW COLUMNS FROM `tp_goodsinfo` [ RunTime:0.0040s ]
SQL: SELECT `id`,`goodsname`,`goodsinfo`,`price`,`soldnum`,`sale`,`pic` FROM `tp_goodsinfo` WHERE ( tid=11 )  [ RunTime:0.0236s ]

[ 2019-05-06T18:49:43+08:00 ] 127.0.0.1 /Home/Type/typeinfo.html?id=11
INFO: [ app_begin ] --START--
INFO: Run Behavior\ReadHtmlCacheBehavior [ RunTime:0.000000s ]
INFO: [ app_begin ] --END-- [ RunTime:0.000000s ]
SQL: SHOW COLUMNS FROM `tp_goodsinfo` [ RunTime:0.0140s ]
SQL: SELECT `id`,`goodsname`,`goodsinfo`,`price`,`soldnum`,`sale`,`pic` FROM `tp_goodsinfo` WHERE ( tid=11 )  [ RunTime:0.0140s ]

[ 2019-05-06T18:49:45+08:00 ] 127.0.0.1 /Home/Type/typeinfo.html?id=12
INFO: [ app_begin ] --START--
INFO: Run Behavior\ReadHtmlCacheBehavior [ RunTime:0.001000s ]
INFO: [ app_begin ] --END-- [ RunTime:0.001000s ]
SQL: SHOW COLUMNS FROM `tp_goodsinfo` [ RunTime:0.0130s ]
SQL: SELECT `id`,`goodsname`,`goodsinfo`,`price`,`soldnum`,`sale`,`pic` FROM `tp_goodsinfo` WHERE ( tid=12 )  [ RunTime:0.0130s ]

[ 2019-05-06T18:49:46+08:00 ] 127.0.0.1 /Home/Type/typeinfo.html?id=13
INFO: [ app_begin ] --START--
INFO: Run Behavior\ReadHtmlCacheBehavior [ RunTime:0.000000s ]
INFO: [ app_begin ] --END-- [ RunTime:0.000000s ]
SQL: SHOW COLUMNS FROM `tp_goodsinfo` [ RunTime:0.0130s ]
SQL: SELECT `id`,`goodsname`,`goodsinfo`,`price`,`soldnum`,`sale`,`pic` FROM `tp_goodsinfo` WHERE ( tid=13 )  [ RunTime:0.0130s ]

[ 2019-05-06T18:49:47+08:00 ] 127.0.0.1 /Home/Type/typeinfo.html?id=14
INFO: [ app_begin ] --START--
INFO: Run Behavior\ReadHtmlCacheBehavior [ RunTime:0.000000s ]
INFO: [ app_begin ] --END-- [ RunTime:0.001000s ]
SQL: SHOW COLUMNS FROM `tp_goodsinfo` [ RunTime:0.0130s ]
SQL: SELECT `id`,`goodsname`,`goodsinfo`,`price`,`soldnum`,`sale`,`pic` FROM `tp_goodsinfo` WHERE ( tid=14 )  [ RunTime:0.0130s ]

[ 2019-05-06T18:49:47+08:00 ] 127.0.0.1 /Home/Type/typeinfo.html?id=15
INFO: [ app_begin ] --START--
INFO: Run Behavior\ReadHtmlCacheBehavior [ RunTime:0.000000s ]
INFO: [ app_begin ] --END-- [ RunTime:0.001000s ]
SQL: SHOW COLUMNS FROM `tp_goodsinfo` [ RunTime:0.0140s ]
SQL: SELECT `id`,`goodsname`,`goodsinfo`,`price`,`soldnum`,`sale`,`pic` FROM `tp_goodsinfo` WHERE ( tid=15 )  [ RunTime:0.0130s ]

[ 2019-05-06T18:49:48+08:00 ] 127.0.0.1 /Home/Type/typeinfo.html?id=17
INFO: [ app_begin ] --START--
INFO: Run Behavior\ReadHtmlCacheBehavior [ RunTime:0.000000s ]
INFO: [ app_begin ] --END-- [ RunTime:0.000000s ]
SQL: SHOW COLUMNS FROM `tp_goodsinfo` [ RunTime:0.0130s ]
SQL: SELECT `id`,`goodsname`,`goodsinfo`,`price`,`soldnum`,`sale`,`pic` FROM `tp_goodsinfo` WHERE ( tid=17 )  [ RunTime:0.0140s ]

[ 2019-05-06T18:49:49+08:00 ] 127.0.0.1 /Home/Type/typeinfo.html?id=11
INFO: [ app_begin ] --START--
INFO: Run Behavior\ReadHtmlCacheBehavior [ RunTime:0.000000s ]
INFO: [ app_begin ] --END-- [ RunTime:0.001000s ]
SQL: SHOW COLUMNS FROM `tp_goodsinfo` [ RunTime:0.0140s ]
SQL: SELECT `id`,`goodsname`,`goodsinfo`,`price`,`soldnum`,`sale`,`pic` FROM `tp_goodsinfo` WHERE ( tid=11 )  [ RunTime:0.0130s ]

[ 2019-05-06T19:10:20+08:00 ] 127.0.0.1 /Home/Type/typeinfo.html?id=11
INFO: [ app_begin ] --START--
INFO: Run Behavior\ReadHtmlCacheBehavior [ RunTime:0.000000s ]
INFO: [ app_begin ] --END-- [ RunTime:0.000000s ]
SQL: SHOW COLUMNS FROM `tp_goodsinfo` [ RunTime:0.0130s ]
SQL: SELECT `id`,`goodsname`,`goodsinfo`,`price`,`soldnum`,`sale`,`pic` FROM `tp_goodsinfo` WHERE ( tid=11 )  [ RunTime:0.0130s ]

[ 2019-05-06T19:10:41+08:00 ] 127.0.0.1 /Home/Type/typeinfo.html?id=16
INFO: [ app_begin ] --START--
INFO: Run Behavior\ReadHtmlCacheBehavior [ RunTime:0.001000s ]
INFO: [ app_begin ] --END-- [ RunTime:0.001000s ]
SQL: SHOW COLUMNS FROM `tp_goodsinfo` [ RunTime:0.0186s ]
SQL: SELECT `id`,`goodsname`,`goodsinfo`,`price`,`soldnum`,`sale`,`pic` FROM `tp_goodsinfo` WHERE ( tid=16 )  [ RunTime:0.0130s ]

[ 2019-05-06T19:10:42+08:00 ] 127.0.0.1 /Home/Type/typeinfo.html?id=12
INFO: [ app_begin ] --START--
INFO: Run Behavior\ReadHtmlCacheBehavior [ RunTime:0.000000s ]
INFO: [ app_begin ] --END-- [ RunTime:0.000000s ]
SQL: SHOW COLUMNS FROM `tp_goodsinfo` [ RunTime:0.0140s ]
SQL: SELECT `id`,`goodsname`,`goodsinfo`,`price`,`soldnum`,`sale`,`pic` FROM `tp_goodsinfo` WHERE ( tid=12 )  [ RunTime:0.0130s ]

[ 2019-05-06T19:10:43+08:00 ] 127.0.0.1 /Home/Type/typeinfo.html?id=13
INFO: [ app_begin ] --START--
INFO: Run Behavior\ReadHtmlCacheBehavior [ RunTime:0.000000s ]
INFO: [ app_begin ] --END-- [ RunTime:0.001000s ]
SQL: SHOW COLUMNS FROM `tp_goodsinfo` [ RunTime:0.0236s ]
SQL: SELECT `id`,`goodsname`,`goodsinfo`,`price`,`soldnum`,`sale`,`pic` FROM `tp_goodsinfo` WHERE ( tid=13 )  [ RunTime:0.0130s ]

[ 2019-05-06T19:10:43+08:00 ] 127.0.0.1 /Home/Type/typeinfo.html?id=14
INFO: [ app_begin ] --START--
INFO: Run Behavior\ReadHtmlCacheBehavior [ RunTime:0.001000s ]
INFO: [ app_begin ] --END-- [ RunTime:0.001000s ]
SQL: SHOW COLUMNS FROM `tp_goodsinfo` [ RunTime:0.0140s ]
SQL: SELECT `id`,`goodsname`,`goodsinfo`,`price`,`soldnum`,`sale`,`pic` FROM `tp_goodsinfo` WHERE ( tid=14 )  [ RunTime:0.0140s ]

[ 2019-05-06T19:10:44+08:00 ] 127.0.0.1 /Home/Type/typeinfo.html?id=15
INFO: [ app_begin ] --START--
INFO: Run Behavior\ReadHtmlCacheBehavior [ RunTime:0.000000s ]
INFO: [ app_begin ] --END-- [ RunTime:0.001000s ]
SQL: SHOW COLUMNS FROM `tp_goodsinfo` [ RunTime:0.0140s ]
SQL: SELECT `id`,`goodsname`,`goodsinfo`,`price`,`soldnum`,`sale`,`pic` FROM `tp_goodsinfo` WHERE ( tid=15 )  [ RunTime:0.0130s ]

[ 2019-05-06T19:10:44+08:00 ] 127.0.0.1 /Home/Type/typeinfo.html?id=17
INFO: [ app_begin ] --START--
INFO: Run Behavior\ReadHtmlCacheBehavior [ RunTime:0.000000s ]
INFO: [ app_begin ] --END-- [ RunTime:0.000000s ]
SQL: SHOW COLUMNS FROM `tp_goodsinfo` [ RunTime:0.0130s ]
SQL: SELECT `id`,`goodsname`,`goodsinfo`,`price`,`soldnum`,`sale`,`pic` FROM `tp_goodsinfo` WHERE ( tid=17 )  [ RunTime:0.0130s ]

