[ 2019-06-04T14:19:27+08:00 ] 127.0.0.1 /Home/Shopping/addcart.html?tid=4
INFO: [ app_begin ] --START--
INFO: Run Behavior\ReadHtmlCacheBehavior [ RunTime:0.001000s ]
INFO: [ app_begin ] --END-- [ RunTime:0.001000s ]
SQL: SHOW COLUMNS FROM `cart_list` [ RunTime:0.0140s ]
SQL: SELECT * FROM `cart_list` WHERE `goodsid` = 4 AND `uid` = 18  [ RunTime:0.0130s ]
SQL: INSERT INTO `cart_list` (`goodsid`,`uid`) VALUES ('4','18') [ RunTime:0.0130s ]
INFO: [ app_end ] --START--
INFO: Run Behavior\ShowPageTraceBehavior [ RunTime:0.000000s ]
INFO: [ app_end ] --END-- [ RunTime:0.000000s ]

[ 2019-06-04T14:19:44+08:00 ] 127.0.0.1 /Home/Shopping/addcart.html?tid=1
INFO: [ app_begin ] --START--
INFO: Run Behavior\ReadHtmlCacheBehavior [ RunTime:0.000000s ]
INFO: [ app_begin ] --END-- [ RunTime:0.000000s ]
SQL: SHOW COLUMNS FROM `cart_list` [ RunTime:0.0130s ]
SQL: SELECT * FROM `cart_list` WHERE `goodsid` = 1 AND `uid` = 18  [ RunTime:0.0130s ]
SQL: INSERT INTO `cart_list` (`goodsid`,`uid`) VALUES ('1','18') [ RunTime:0.0130s ]
INFO: [ app_end ] --START--
INFO: Run Behavior\ShowPageTraceBehavior [ RunTime:0.000000s ]
INFO: [ app_end ] --END-- [ RunTime:0.000000s ]

[ 2019-06-04T14:19:54+08:00 ] 127.0.0.1 /Home/Shopping/delcart.html?gid=267
INFO: [ app_begin ] --START--
INFO: Run Behavior\ReadHtmlCacheBehavior [ RunTime:0.000000s ]
INFO: [ app_begin ] --END-- [ RunTime:0.001000s ]
SQL: SHOW COLUMNS FROM `cart_list` [ RunTime:0.0130s ]
SQL: DELETE FROM `cart_list` WHERE ( gid=267 ) [ RunTime:0.0130s ]
INFO: [ app_end ] --START--
INFO: Run Behavior\ShowPageTraceBehavior [ RunTime:0.001000s ]
INFO: [ app_end ] --END-- [ RunTime:0.001000s ]

[ 2019-06-04T14:20:01+08:00 ] 127.0.0.1 /Home/Shopping/plus.html?gid=156
INFO: [ app_begin ] --START--
INFO: Run Behavior\ReadHtmlCacheBehavior [ RunTime:0.001000s ]
INFO: [ app_begin ] --END-- [ RunTime:0.002000s ]
SQL: SHOW COLUMNS FROM `cart_list` [ RunTime:0.0130s ]
SQL: UPDATE `cart_list` SET `num`=num+1 WHERE ( gid=156 ) [ RunTime:0.0130s ]
INFO: [ app_end ] --START--
INFO: Run Behavior\ShowPageTraceBehavior [ RunTime:0.001000s ]
INFO: [ app_end ] --END-- [ RunTime:0.001000s ]

[ 2019-06-04T14:20:03+08:00 ] 127.0.0.1 /Home/Shopping/plus.html?gid=156
INFO: [ app_begin ] --START--
INFO: Run Behavior\ReadHtmlCacheBehavior [ RunTime:0.000000s ]
INFO: [ app_begin ] --END-- [ RunTime:0.001000s ]
SQL: SHOW COLUMNS FROM `cart_list` [ RunTime:0.0140s ]
SQL: UPDATE `cart_list` SET `num`=num+1 WHERE ( gid=156 ) [ RunTime:0.0130s ]
INFO: [ app_end ] --START--
INFO: Run Behavior\ShowPageTraceBehavior [ RunTime:0.000000s ]
INFO: [ app_end ] --END-- [ RunTime:0.000000s ]

[ 2019-06-04T14:20:03+08:00 ] 127.0.0.1 /Home/Shopping/plus.html?gid=156
INFO: [ app_begin ] --START--
INFO: Run Behavior\ReadHtmlCacheBehavior [ RunTime:0.000000s ]
INFO: [ app_begin ] --END-- [ RunTime:0.000000s ]
SQL: SHOW COLUMNS FROM `cart_list` [ RunTime:0.0130s ]
SQL: UPDATE `cart_list` SET `num`=num+1 WHERE ( gid=156 ) [ RunTime:0.0140s ]
INFO: [ app_end ] --START--
INFO: Run Behavior\ShowPageTraceBehavior [ RunTime:0.000000s ]
INFO: [ app_end ] --END-- [ RunTime:0.000000s ]

[ 2019-06-04T14:20:04+08:00 ] 127.0.0.1 /Home/Shopping/plus.html?gid=156
INFO: [ app_begin ] --START--
INFO: Run Behavior\ReadHtmlCacheBehavior [ RunTime:0.000000s ]
INFO: [ app_begin ] --END-- [ RunTime:0.001000s ]
SQL: SHOW COLUMNS FROM `cart_list` [ RunTime:0.0140s ]
SQL: UPDATE `cart_list` SET `num`=num+1 WHERE ( gid=156 ) [ RunTime:0.0130s ]
INFO: [ app_end ] --START--
INFO: Run Behavior\ShowPageTraceBehavior [ RunTime:0.001000s ]
INFO: [ app_end ] --END-- [ RunTime:0.001000s ]

[ 2019-06-04T14:20:05+08:00 ] 127.0.0.1 /Home/Shopping/minus.html?gid=156
INFO: [ app_begin ] --START--
INFO: Run Behavior\ReadHtmlCacheBehavior [ RunTime:0.001000s ]
INFO: [ app_begin ] --END-- [ RunTime:0.001000s ]
SQL: SHOW COLUMNS FROM `cart_list` [ RunTime:0.0130s ]
SQL: SELECT `num` FROM `cart_list` WHERE ( gid=156 )  [ RunTime:0.0140s ]
SQL: UPDATE `cart_list` SET `num`=num-1 WHERE ( gid=156 ) [ RunTime:0.0130s ]
INFO: [ app_end ] --START--
INFO: Run Behavior\ShowPageTraceBehavior [ RunTime:0.000000s ]
INFO: [ app_end ] --END-- [ RunTime:0.000000s ]

[ 2019-06-04T14:20:05+08:00 ] 127.0.0.1 /Home/Shopping/minus.html?gid=156
INFO: [ app_begin ] --START--
INFO: Run Behavior\ReadHtmlCacheBehavior [ RunTime:0.001000s ]
INFO: [ app_begin ] --END-- [ RunTime:0.001000s ]
SQL: SHOW COLUMNS FROM `cart_list` [ RunTime:0.0140s ]
SQL: SELECT `num` FROM `cart_list` WHERE ( gid=156 )  [ RunTime:0.0130s ]
SQL: UPDATE `cart_list` SET `num`=num-1 WHERE ( gid=156 ) [ RunTime:0.0130s ]
INFO: [ app_end ] --START--
INFO: Run Behavior\ShowPageTraceBehavior [ RunTime:0.000000s ]
INFO: [ app_end ] --END-- [ RunTime:0.000000s ]

[ 2019-06-04T14:20:05+08:00 ] 127.0.0.1 /Home/Shopping/minus.html?gid=156
INFO: [ app_begin ] --START--
INFO: Run Behavior\ReadHtmlCacheBehavior [ RunTime:0.000000s ]
INFO: [ app_begin ] --END-- [ RunTime:0.001000s ]
SQL: SHOW COLUMNS FROM `cart_list` [ RunTime:0.0140s ]
SQL: SELECT `num` FROM `cart_list` WHERE ( gid=156 )  [ RunTime:0.0130s ]
SQL: UPDATE `cart_list` SET `num`=num-1 WHERE ( gid=156 ) [ RunTime:0.0130s ]
INFO: [ app_end ] --START--
INFO: Run Behavior\ShowPageTraceBehavior [ RunTime:0.000000s ]
INFO: [ app_end ] --END-- [ RunTime:0.000000s ]

[ 2019-06-04T14:20:06+08:00 ] 127.0.0.1 /Home/Shopping/minus.html?gid=156
INFO: [ app_begin ] --START--
INFO: Run Behavior\ReadHtmlCacheBehavior [ RunTime:0.000000s ]
INFO: [ app_begin ] --END-- [ RunTime:0.000000s ]
SQL: SHOW COLUMNS FROM `cart_list` [ RunTime:0.0130s ]
SQL: SELECT `num` FROM `cart_list` WHERE ( gid=156 )  [ RunTime:0.0130s ]
SQL: UPDATE `cart_list` SET `num`=num-1 WHERE ( gid=156 ) [ RunTime:0.0130s ]
INFO: [ app_end ] --START--
INFO: Run Behavior\ShowPageTraceBehavior [ RunTime:0.000000s ]
INFO: [ app_end ] --END-- [ RunTime:0.000000s ]

[ 2019-06-04T14:20:06+08:00 ] 127.0.0.1 /Home/Shopping/minus.html?gid=156
INFO: [ app_begin ] --START--
INFO: Run Behavior\ReadHtmlCacheBehavior [ RunTime:0.000000s ]
INFO: [ app_begin ] --END-- [ RunTime:0.001000s ]
SQL: SHOW COLUMNS FROM `cart_list` [ RunTime:0.0140s ]
SQL: SELECT `num` FROM `cart_list` WHERE ( gid=156 )  [ RunTime:0.0130s ]
SQL: UPDATE `cart_list` SET `num`=num-1 WHERE ( gid=156 ) [ RunTime:0.0130s ]
INFO: [ app_end ] --START--
INFO: Run Behavior\ShowPageTraceBehavior [ RunTime:0.000000s ]
INFO: [ app_end ] --END-- [ RunTime:0.000000s ]

[ 2019-06-04T14:20:27+08:00 ] 127.0.0.1 /Home/Shopping/minus.html?gid=156
INFO: [ app_begin ] --START--
INFO: Run Behavior\ReadHtmlCacheBehavior [ RunTime:0.001000s ]
INFO: [ app_begin ] --END-- [ RunTime:0.001000s ]
ERR: SQLSTATE[HY000] [2002] 由于连接方在一段时间后没有正确答复或连接的主机没有反应，连接尝试失败。


[ 2019-06-04T14:20:28+08:00 ] 127.0.0.1 /Home/Shopping/plus.html?gid=156
INFO: [ app_begin ] --START--
INFO: Run Behavior\ReadHtmlCacheBehavior [ RunTime:0.000000s ]
INFO: [ app_begin ] --END-- [ RunTime:0.001000s ]
SQL: SHOW COLUMNS FROM `cart_list` [ RunTime:0.0140s ]
SQL: UPDATE `cart_list` SET `num`=num+1 WHERE ( gid=156 ) [ RunTime:0.0130s ]
INFO: [ app_end ] --START--
INFO: Run Behavior\ShowPageTraceBehavior [ RunTime:0.001000s ]
INFO: [ app_end ] --END-- [ RunTime:0.001000s ]

[ 2019-06-04T14:20:42+08:00 ] 127.0.0.1 /Home/Shopping/minus.html?gid=156
INFO: [ app_begin ] --START--
INFO: Run Behavior\ReadHtmlCacheBehavior [ RunTime:0.001000s ]
INFO: [ app_begin ] --END-- [ RunTime:0.001000s ]
SQL: SHOW COLUMNS FROM `cart_list` [ RunTime:0.0130s ]
SQL: SELECT `num` FROM `cart_list` WHERE ( gid=156 )  [ RunTime:0.0140s ]
SQL: UPDATE `cart_list` SET `num`=num-1 WHERE ( gid=156 ) [ RunTime:0.0130s ]
INFO: [ app_end ] --START--
INFO: Run Behavior\ShowPageTraceBehavior [ RunTime:0.001000s ]
INFO: [ app_end ] --END-- [ RunTime:0.001000s ]

[ 2019-06-04T14:20:44+08:00 ] 127.0.0.1 /Home/Shopping/plus.html?gid=156
INFO: [ app_begin ] --START--
INFO: Run Behavior\ReadHtmlCacheBehavior [ RunTime:0.000000s ]
INFO: [ app_begin ] --END-- [ RunTime:0.000000s ]
SQL: SHOW COLUMNS FROM `cart_list` [ RunTime:0.0140s ]
SQL: UPDATE `cart_list` SET `num`=num+1 WHERE ( gid=156 ) [ RunTime:0.0130s ]
INFO: [ app_end ] --START--
INFO: Run Behavior\ShowPageTraceBehavior [ RunTime:0.000000s ]
INFO: [ app_end ] --END-- [ RunTime:0.000000s ]

[ 2019-06-04T14:24:14+08:00 ] 127.0.0.1 /Home/Shopping/minus.html?gid=156
INFO: [ app_begin ] --START--
INFO: Run Behavior\ReadHtmlCacheBehavior [ RunTime:0.000000s ]
INFO: [ app_begin ] --END-- [ RunTime:0.001000s ]
SQL: SHOW COLUMNS FROM `cart_list` [ RunTime:0.0130s ]
SQL: SELECT `num` FROM `cart_list` WHERE ( gid=156 )  [ RunTime:0.0140s ]
SQL: UPDATE `cart_list` SET `num`=num-1 WHERE ( gid=156 ) [ RunTime:0.0130s ]
INFO: [ app_end ] --START--
INFO: Run Behavior\ShowPageTraceBehavior [ RunTime:0.000000s ]
INFO: [ app_end ] --END-- [ RunTime:0.000000s ]

[ 2019-06-04T14:24:15+08:00 ] 127.0.0.1 /Home/Shopping/plus.html?gid=156
INFO: [ app_begin ] --START--
INFO: Run Behavior\ReadHtmlCacheBehavior [ RunTime:0.000000s ]
INFO: [ app_begin ] --END-- [ RunTime:0.000000s ]
SQL: SHOW COLUMNS FROM `cart_list` [ RunTime:0.0130s ]
SQL: UPDATE `cart_list` SET `num`=num+1 WHERE ( gid=156 ) [ RunTime:0.0140s ]
INFO: [ app_end ] --START--
INFO: Run Behavior\ShowPageTraceBehavior [ RunTime:0.000000s ]
INFO: [ app_end ] --END-- [ RunTime:0.000000s ]

[ 2019-06-04T14:26:20+08:00 ] 127.0.0.1 /Home/shopping/themes/js/jquery.min.js
ERR: 娉浣:themes

[ 2019-06-04T14:26:20+08:00 ] 127.0.0.1 /Home/shopping/themes/js/jquery.min.js
ERR: 娉浣:themes

[ 2019-06-04T14:26:21+08:00 ] 127.0.0.1 /Home/shopping/themes/js/jquery.min.js
ERR: 娉浣:themes

[ 2019-06-04T14:26:27+08:00 ] 127.0.0.1 /Home/Shopping/minus.html?gid=156
INFO: [ app_begin ] --START--
INFO: Run Behavior\ReadHtmlCacheBehavior [ RunTime:0.000000s ]
INFO: [ app_begin ] --END-- [ RunTime:0.001000s ]
SQL: SHOW COLUMNS FROM `cart_list` [ RunTime:0.0130s ]
SQL: SELECT `num` FROM `cart_list` WHERE ( gid=156 )  [ RunTime:0.0140s ]
SQL: UPDATE `cart_list` SET `num`=num-1 WHERE ( gid=156 ) [ RunTime:0.0130s ]
INFO: [ app_end ] --START--
INFO: Run Behavior\ShowPageTraceBehavior [ RunTime:0.001000s ]
INFO: [ app_end ] --END-- [ RunTime:0.001000s ]

[ 2019-06-04T14:26:28+08:00 ] 127.0.0.1 /Home/Shopping/plus.html?gid=156
INFO: [ app_begin ] --START--
INFO: Run Behavior\ReadHtmlCacheBehavior [ RunTime:0.001000s ]
INFO: [ app_begin ] --END-- [ RunTime:0.001000s ]
SQL: SHOW COLUMNS FROM `cart_list` [ RunTime:0.0130s ]
SQL: UPDATE `cart_list` SET `num`=num+1 WHERE ( gid=156 ) [ RunTime:0.0140s ]
INFO: [ app_end ] --START--
INFO: Run Behavior\ShowPageTraceBehavior [ RunTime:0.001000s ]
INFO: [ app_end ] --END-- [ RunTime:0.001000s ]

[ 2019-06-04T14:26:31+08:00 ] 127.0.0.1 /Home/shopping/themes/js/jquery.min.js
ERR: 娉浣:themes

