[ 2019-05-20T17:14:10+08:00 ] 127.0.0.1 /Home/shopping/shopping
ERR: 1064:You have an error in your SQL syntax; check the manual that corresponds to your MySQL server version for the right syntax to use near ')' at line 1
 [ SQL璇 ] : SELECT tp_goodsinfo.id,tp_goodsinfo.pic,tp_goodsinfo.sale,tp_goodsinfo.goodsname,cart_list.gid,cart_list.num FROM `cart_list` INNER JOIN member ON cart_list.uid=member.uid INNER JOIN tp_goodsinfo ON cart_list.goodsid=tp_goodsinfo.id  WHERE ( cart_list.uid= ) 

[ 2019-05-20T17:14:56+08:00 ] 127.0.0.1 /Home/Index/ui-me.html
ERR: 娉浣:ui-me

[ 2019-05-20T17:15:07+08:00 ] 127.0.0.1 /Home/Shopping/addcart.html?tid=7
INFO: [ app_begin ] --START--
INFO: Run Behavior\ReadHtmlCacheBehavior [ RunTime:0.000000s ]
INFO: [ app_begin ] --END-- [ RunTime:0.000000s ]
SQL: SHOW COLUMNS FROM `cart_list` [ RunTime:0.0140s ]
SQL: SELECT * FROM `cart_list` WHERE `goodsid` = 7 AND `uid` = 18  [ RunTime:0.0130s ]
SQL: UPDATE `cart_list` SET `num`=num+1 WHERE `goodsid` = 7 AND `uid` = 18 [ RunTime:0.0130s ]
INFO: [ app_end ] --START--
INFO: Run Behavior\ShowPageTraceBehavior [ RunTime:0.001000s ]
INFO: [ app_end ] --END-- [ RunTime:0.001000s ]

[ 2019-05-20T17:15:10+08:00 ] 127.0.0.1 /Home/Shopping/addcart.html?tid=7
INFO: [ app_begin ] --START--
INFO: Run Behavior\ReadHtmlCacheBehavior [ RunTime:0.001000s ]
INFO: [ app_begin ] --END-- [ RunTime:0.001000s ]
SQL: SHOW COLUMNS FROM `cart_list` [ RunTime:0.0140s ]
SQL: SELECT * FROM `cart_list` WHERE `goodsid` = 7 AND `uid` = 18  [ RunTime:0.0130s ]
SQL: UPDATE `cart_list` SET `num`=num+1 WHERE `goodsid` = 7 AND `uid` = 18 [ RunTime:0.0130s ]
INFO: [ app_end ] --START--
INFO: Run Behavior\ShowPageTraceBehavior [ RunTime:0.001000s ]
INFO: [ app_end ] --END-- [ RunTime:0.001000s ]

[ 2019-05-20T17:20:54+08:00 ] 127.0.0.1 /Home/Shopping/addcart.html?tid=7
INFO: [ app_begin ] --START--
INFO: Run Behavior\ReadHtmlCacheBehavior [ RunTime:0.001000s ]
INFO: [ app_begin ] --END-- [ RunTime:0.001000s ]
SQL: SHOW COLUMNS FROM `cart_list` [ RunTime:0.0130s ]
SQL: SELECT * FROM `cart_list` WHERE `goodsid` = 7 AND `uid` = 18  [ RunTime:0.0130s ]
SQL: UPDATE `cart_list` SET `num`=num+1 WHERE `goodsid` = 7 AND `uid` = 18 [ RunTime:0.0130s ]
INFO: [ app_end ] --START--
INFO: Run Behavior\ShowPageTraceBehavior [ RunTime:0.000000s ]
INFO: [ app_end ] --END-- [ RunTime:0.000000s ]

[ 2019-05-20T17:20:59+08:00 ] 127.0.0.1 /Home/Shopping/addcart.html?tid=7
INFO: [ app_begin ] --START--
INFO: Run Behavior\ReadHtmlCacheBehavior [ RunTime:0.001000s ]
INFO: [ app_begin ] --END-- [ RunTime:0.001000s ]
SQL: SHOW COLUMNS FROM `cart_list` [ RunTime:0.0130s ]
SQL: SELECT * FROM `cart_list` WHERE `goodsid` = 7 AND `uid` = 18  [ RunTime:0.0130s ]
SQL: UPDATE `cart_list` SET `num`=num+1 WHERE `goodsid` = 7 AND `uid` = 18 [ RunTime:0.0130s ]
INFO: [ app_end ] --START--
INFO: Run Behavior\ShowPageTraceBehavior [ RunTime:0.001000s ]
INFO: [ app_end ] --END-- [ RunTime:0.001000s ]

[ 2019-05-20T17:21:32+08:00 ] 127.0.0.1 /Home/shopping/shopping.html
ERR: SQLSTATE[HY000] [2002] 由于连接方在一段时间后没有正确答复或连接的主机没有反应，连接尝试失败。


[ 2019-05-20T17:21:39+08:00 ] 127.0.0.1 /Home/Shopping/addcart.html?tid=7
INFO: [ app_begin ] --START--
INFO: Run Behavior\ReadHtmlCacheBehavior [ RunTime:0.000000s ]
INFO: [ app_begin ] --END-- [ RunTime:0.001000s ]
SQL: SHOW COLUMNS FROM `cart_list` [ RunTime:0.0140s ]
SQL: SELECT * FROM `cart_list` WHERE `goodsid` = 7 AND `uid` = 18  [ RunTime:0.0130s ]
SQL: UPDATE `cart_list` SET `num`=num+1 WHERE `goodsid` = 7 AND `uid` = 18 [ RunTime:0.0130s ]
INFO: [ app_end ] --START--
INFO: Run Behavior\ShowPageTraceBehavior [ RunTime:0.001000s ]
INFO: [ app_end ] --END-- [ RunTime:0.001000s ]

[ 2019-05-20T17:22:00+08:00 ] 127.0.0.1 /Home/Shopping/addcart.html?tid=8
INFO: [ app_begin ] --START--
INFO: Run Behavior\ReadHtmlCacheBehavior [ RunTime:0.000000s ]
INFO: [ app_begin ] --END-- [ RunTime:0.001000s ]
SQL: SHOW COLUMNS FROM `cart_list` [ RunTime:0.0130s ]
SQL: SELECT * FROM `cart_list` WHERE `goodsid` = 8 AND `uid` = 18  [ RunTime:0.0130s ]
SQL: UPDATE `cart_list` SET `num`=num+1 WHERE `goodsid` = 8 AND `uid` = 18 [ RunTime:0.0130s ]
INFO: [ app_end ] --START--
INFO: Run Behavior\ShowPageTraceBehavior [ RunTime:0.001000s ]
INFO: [ app_end ] --END-- [ RunTime:0.001000s ]

[ 2019-05-20T17:23:17+08:00 ] 127.0.0.1 /Home/shopping/order.html
ERR: 娉浣:order

[ 2019-05-20T19:43:50+08:00 ] 127.0.0.1 /Home/Shopping/plus.html?gid=163
INFO: [ app_begin ] --START--
INFO: Run Behavior\ReadHtmlCacheBehavior [ RunTime:0.000000s ]
INFO: [ app_begin ] --END-- [ RunTime:0.000000s ]
SQL: SHOW COLUMNS FROM `cart_list` [ RunTime:0.0170s ]
SQL: UPDATE `cart_list` SET `num`=num+1 WHERE ( gid=163 ) [ RunTime:0.0160s ]
INFO: [ app_end ] --START--
INFO: Run Behavior\ShowPageTraceBehavior [ RunTime:0.001000s ]
INFO: [ app_end ] --END-- [ RunTime:0.001000s ]

[ 2019-05-20T19:43:51+08:00 ] 127.0.0.1 /Home/Shopping/minus.html?gid=163
INFO: [ app_begin ] --START--
INFO: Run Behavior\ReadHtmlCacheBehavior [ RunTime:0.001000s ]
INFO: [ app_begin ] --END-- [ RunTime:0.001000s ]
SQL: SHOW COLUMNS FROM `cart_list` [ RunTime:0.0130s ]
SQL: SELECT `num` FROM `cart_list` WHERE ( gid=163 )  [ RunTime:0.0140s ]
SQL: UPDATE `cart_list` SET `num`=num-1 WHERE ( gid=163 ) [ RunTime:0.0130s ]
INFO: [ app_end ] --START--
INFO: Run Behavior\ShowPageTraceBehavior [ RunTime:0.001000s ]
INFO: [ app_end ] --END-- [ RunTime:0.001000s ]

