[ 2019-05-22T19:17:17+08:00 ] 127.0.0.1 /Home/Shopping/minus.html?gid=155
INFO: [ app_begin ] --START--
INFO: Run Behavior\ReadHtmlCacheBehavior [ RunTime:0.001000s ]
INFO: [ app_begin ] --END-- [ RunTime:0.001000s ]
SQL: SHOW COLUMNS FROM `cart_list` [ RunTime:0.0130s ]
SQL: SELECT `num` FROM `cart_list` WHERE ( gid=155 )  [ RunTime:0.0130s ]
SQL: UPDATE `cart_list` SET `num`=num-1 WHERE ( gid=155 ) [ RunTime:0.0130s ]
INFO: [ app_end ] --START--
INFO: Run Behavior\ShowPageTraceBehavior [ RunTime:0.001000s ]
INFO: [ app_end ] --END-- [ RunTime:0.001000s ]

[ 2019-05-22T19:17:19+08:00 ] 127.0.0.1 /Home/Shopping/plus.html?gid=155
INFO: [ app_begin ] --START--
INFO: Run Behavior\ReadHtmlCacheBehavior [ RunTime:0.001000s ]
INFO: [ app_begin ] --END-- [ RunTime:0.001000s ]
SQL: SHOW COLUMNS FROM `cart_list` [ RunTime:0.0130s ]
SQL: UPDATE `cart_list` SET `num`=num+1 WHERE ( gid=155 ) [ RunTime:0.0130s ]
INFO: [ app_end ] --START--
INFO: Run Behavior\ShowPageTraceBehavior [ RunTime:0.001000s ]
INFO: [ app_end ] --END-- [ RunTime:0.001000s ]

[ 2019-05-22T19:17:19+08:00 ] 127.0.0.1 /Home/Shopping/minus.html?gid=155
INFO: [ app_begin ] --START--
INFO: Run Behavior\ReadHtmlCacheBehavior [ RunTime:0.000000s ]
INFO: [ app_begin ] --END-- [ RunTime:0.000000s ]
SQL: SHOW COLUMNS FROM `cart_list` [ RunTime:0.0140s ]
SQL: SELECT `num` FROM `cart_list` WHERE ( gid=155 )  [ RunTime:0.0130s ]
SQL: UPDATE `cart_list` SET `num`=num-1 WHERE ( gid=155 ) [ RunTime:0.0120s ]
INFO: [ app_end ] --START--
INFO: Run Behavior\ShowPageTraceBehavior [ RunTime:0.000000s ]
INFO: [ app_end ] --END-- [ RunTime:0.000000s ]

[ 2019-05-22T19:17:19+08:00 ] 127.0.0.1 /Home/Shopping/minus.html?gid=155
INFO: [ app_begin ] --START--
INFO: Run Behavior\ReadHtmlCacheBehavior [ RunTime:0.001000s ]
INFO: [ app_begin ] --END-- [ RunTime:0.001000s ]
SQL: SHOW COLUMNS FROM `cart_list` [ RunTime:0.0130s ]
SQL: SELECT `num` FROM `cart_list` WHERE ( gid=155 )  [ RunTime:0.0130s ]
SQL: UPDATE `cart_list` SET `num`=num-1 WHERE ( gid=155 ) [ RunTime:0.0130s ]
INFO: [ app_end ] --START--
INFO: Run Behavior\ShowPageTraceBehavior [ RunTime:0.001000s ]
INFO: [ app_end ] --END-- [ RunTime:0.001000s ]

[ 2019-05-22T19:17:20+08:00 ] 127.0.0.1 /Home/Shopping/minus.html?gid=155
INFO: [ app_begin ] --START--
INFO: Run Behavior\ReadHtmlCacheBehavior [ RunTime:0.001000s ]
INFO: [ app_begin ] --END-- [ RunTime:0.001000s ]
SQL: SHOW COLUMNS FROM `cart_list` [ RunTime:0.0130s ]
SQL: SELECT `num` FROM `cart_list` WHERE ( gid=155 )  [ RunTime:0.0130s ]
SQL: UPDATE `cart_list` SET `num`=num-1 WHERE ( gid=155 ) [ RunTime:0.0130s ]
INFO: [ app_end ] --START--
INFO: Run Behavior\ShowPageTraceBehavior [ RunTime:0.000000s ]
INFO: [ app_end ] --END-- [ RunTime:0.000000s ]

[ 2019-05-22T19:17:20+08:00 ] 127.0.0.1 /Home/Shopping/plus.html?gid=155
INFO: [ app_begin ] --START--
INFO: Run Behavior\ReadHtmlCacheBehavior [ RunTime:0.000000s ]
INFO: [ app_begin ] --END-- [ RunTime:0.001000s ]
SQL: SHOW COLUMNS FROM `cart_list` [ RunTime:0.0140s ]
SQL: UPDATE `cart_list` SET `num`=num+1 WHERE ( gid=155 ) [ RunTime:0.0130s ]
INFO: [ app_end ] --START--
INFO: Run Behavior\ShowPageTraceBehavior [ RunTime:0.001000s ]
INFO: [ app_end ] --END-- [ RunTime:0.001000s ]

[ 2019-05-22T19:18:03+08:00 ] 127.0.0.1 /Home/shopping/order.html
ERR: 非法操作:order

